0 verbose cli C:\Program Files\nodejs\node.exe C:\Program Files\nodejs\node_modules\npm\bin\npm-cli.js
1 info using npm@11.6.1
2 info using node@v24.11.0
3 silly config load:file:C:\Program Files\nodejs\node_modules\npm\npmrc
4 silly config load:file:A:\portfolio\.npmrc
5 silly config load:file:C:\Users\khana\.npmrc
6 silly config load:file:C:\Users\khana\AppData\Roaming\npm\etc\npmrc
7 verbose title npm dedupe
8 verbose argv "dedupe" "--cache" ".npm-cache"
9 verbose logfile logs-max:10 dir:A:\portfolio\.npm-cache\_logs\2026-05-26T22_26_20_849Z-
10 verbose logfile A:\portfolio\.npm-cache\_logs\2026-05-26T22_26_20_849Z-debug-0.log
11 silly logfile start cleaning logs, removing 1 files
12 silly packumentCache heap:2348810240 maxSize:587202560 maxEntrySize:293601280
13 silly logfile done cleaning log files
14 silly idealTree buildDeps
15 silly fetch manifest @radix-ui/react-slot@^1.1.0
16 silly packumentCache full:https://registry.npmjs.org/@radix-ui%2freact-slot cache-miss
17 http fetch GET 200 https://registry.npmjs.org/@radix-ui%2freact-slot 1032ms (cache revalidated)
18 silly packumentCache full:https://registry.npmjs.org/@radix-ui%2freact-slot set size:387271 disposed:false
19 silly fetch manifest @types/react@^19.0.0
20 silly packumentCache full:https://registry.npmjs.org/@types%2freact cache-miss
21 http fetch GET 200 https://registry.npmjs.org/@types%2freact 587ms (cache revalidated)
22 silly packumentCache full:https://registry.npmjs.org/@types%2freact set size:2607900 disposed:false
23 silly fetch manifest react@^19.0.0
24 silly packumentCache full:https://registry.npmjs.org/react cache-miss
25 http fetch GET 200 https://registry.npmjs.org/react 326ms (cache revalidated)
26 silly packumentCache full:https://registry.npmjs.org/react set size:6655171 disposed:false
27 silly fetch manifest postcss@^8.4.49
28 silly packumentCache full:https://registry.npmjs.org/postcss cache-miss
29 http cache https://registry.npmjs.org/postcss 11ms (cache hit)
30 silly packumentCache full:https://registry.npmjs.org/postcss set size:723316 disposed:false
31 silly placeDep ROOT @radix-ui/react-slot@1.2.4 KEEP for: infra-forward-portfolio@1.0.0 want: ^1.1.0
32 silly placeDep ROOT postcss@8.5.15 KEEP for: infra-forward-portfolio@1.0.0 want: ^8.4.49
33 silly fetch manifest debug@^4.1.0
34 silly packumentCache full:https://registry.npmjs.org/debug cache-miss
35 http cache https://registry.npmjs.org/debug 7ms (cache hit)
36 silly packumentCache full:https://registry.npmjs.org/debug set size:195840 disposed:false
37 silly fetch manifest json5@^2.2.3
38 silly packumentCache full:https://registry.npmjs.org/json5 cache-miss
39 http cache https://registry.npmjs.org/json5 7ms (cache hit)
40 silly packumentCache full:https://registry.npmjs.org/json5 set size:86136 disposed:false
41 silly fetch manifest semver@^6.3.1
42 silly packumentCache full:https://registry.npmjs.org/semver cache-miss
43 http cache https://registry.npmjs.org/semver 8ms (cache hit)
44 silly packumentCache full:https://registry.npmjs.org/semver set size:235672 disposed:false
45 silly placeDep ROOT debug@4.4.3 KEEP for: @babel/core@7.29.7 want: ^4.1.0
46 silly placeDep ROOT json5@2.2.3 KEEP for: @babel/core@7.29.7 want: ^2.2.3
47 silly placeDep node_modules/@babel/core semver@6.3.1 KEEP for: @babel/core@7.29.7 want: ^6.3.1
48 silly placeDep node_modules/@babel/helper-compilation-targets semver@6.3.1 KEEP for: @babel/helper-compilation-targets@7.29.7 want: ^6.3.1
49 silly fetch manifest debug@^4.3.1
50 silly packumentCache full:https://registry.npmjs.org/debug cache-hit
51 silly placeDep ROOT debug@4.4.3 KEEP for: @babel/traverse@7.29.7 want: ^4.3.1
52 silly fetch manifest eslint-visitor-keys@^3.4.3
53 silly packumentCache full:https://registry.npmjs.org/eslint-visitor-keys cache-miss
54 http cache https://registry.npmjs.org/eslint-visitor-keys 5ms (cache hit)
55 silly packumentCache full:https://registry.npmjs.org/eslint-visitor-keys set size:69949 disposed:false
56 silly placeDep ROOT eslint-visitor-keys@3.4.3 KEEP for: @eslint-community/eslint-utils@4.9.1 want: ^3.4.3
57 silly fetch manifest minimatch@^3.1.5
58 silly packumentCache full:https://registry.npmjs.org/minimatch cache-miss
59 http cache https://registry.npmjs.org/minimatch 7ms (cache hit)
60 silly packumentCache full:https://registry.npmjs.org/minimatch set size:375282 disposed:false
61 silly placeDep ROOT debug@4.4.3 KEEP for: @eslint/config-array@0.21.2 want: ^4.3.1
62 silly placeDep node_modules/@eslint/config-array minimatch@3.1.5 KEEP for: @eslint/config-array@0.21.2 want: ^3.1.5
63 silly fetch manifest debug@^4.3.2
64 silly packumentCache full:https://registry.npmjs.org/debug cache-hit
65 silly fetch manifest globals@^14.0.0
66 silly packumentCache full:https://registry.npmjs.org/globals cache-miss
67 http cache https://registry.npmjs.org/globals 10ms (cache hit)
68 silly packumentCache full:https://registry.npmjs.org/globals set size:315985 disposed:false
69 silly fetch manifest ignore@^5.2.0
70 silly packumentCache full:https://registry.npmjs.org/ignore cache-miss
71 http cache https://registry.npmjs.org/ignore 9ms (cache hit)
72 silly packumentCache full:https://registry.npmjs.org/ignore set size:237380 disposed:false
73 silly placeDep ROOT debug@4.4.3 KEEP for: @eslint/eslintrc@3.3.5 want: ^4.3.2
74 silly placeDep node_modules/@eslint/eslintrc globals@14.0.0 KEEP for: @eslint/eslintrc@3.3.5 want: ^14.0.0
75 silly placeDep ROOT ignore@5.3.2 KEEP for: @eslint/eslintrc@3.3.5 want: ^5.2.0
76 silly placeDep node_modules/@eslint/eslintrc minimatch@3.1.5 KEEP for: @eslint/eslintrc@3.3.5 want: ^3.1.5
77 silly fetch manifest @emnapi/runtime@^1.7.0
78 silly packumentCache full:https://registry.npmjs.org/@emnapi%2fruntime cache-miss
79 http cache https://registry.npmjs.org/@emnapi%2fruntime 5ms (cache hit)
80 silly packumentCache full:https://registry.npmjs.org/@emnapi%2fruntime set size:109985 disposed:false
81 silly placeDep ROOT @emnapi/runtime@1.10.0 OK for: @img/sharp-wasm32@0.34.5 want: ^1.7.0
82 silly fetch manifest @emnapi/core@^1.7.1
83 silly packumentCache full:https://registry.npmjs.org/@emnapi%2fcore cache-miss
84 http cache https://registry.npmjs.org/@emnapi%2fcore 5ms (cache hit)
85 silly packumentCache full:https://registry.npmjs.org/@emnapi%2fcore set size:108001 disposed:false
86 silly placeDep ROOT @emnapi/core@1.10.0 OK for: @napi-rs/wasm-runtime@1.1.4 want: ^1.7.1
87 silly fetch manifest fast-glob@3.3.1
88 silly packumentCache full:https://registry.npmjs.org/fast-glob cache-miss
89 http cache https://registry.npmjs.org/fast-glob 8ms (cache hit)
90 silly packumentCache full:https://registry.npmjs.org/fast-glob set size:220556 disposed:false
91 silly placeDep ROOT fast-glob@3.3.1 KEEP for: @next/eslint-plugin-next@16.2.6 want: 3.3.1
92 silly fetch manifest @radix-ui/react-primitive@2.1.3
93 silly packumentCache full:https://registry.npmjs.org/@radix-ui%2freact-primitive cache-miss
94 http fetch GET 200 https://registry.npmjs.org/@radix-ui%2freact-primitive 797ms (cache revalidated)
95 silly packumentCache full:https://registry.npmjs.org/@radix-ui%2freact-primitive set size:595809 disposed:false
96 silly fetch manifest @types/react@*
97 silly packumentCache full:https://registry.npmjs.org/@types%2freact cache-miss
98 http cache https://registry.npmjs.org/@types%2freact 16ms (cache hit)
99 silly packumentCache full:https://registry.npmjs.org/@types%2freact set size:2607900 disposed:false
100 silly fetch manifest @types/react-dom@*
101 silly packumentCache full:https://registry.npmjs.org/@types%2freact-dom cache-miss
102 http fetch GET 200 https://registry.npmjs.org/@types%2freact-dom 851ms (cache revalidated)
103 silly packumentCache full:https://registry.npmjs.org/@types%2freact-dom set size:429026 disposed:false
104 silly fetch manifest react@^16.8 || ^17.0 || ^18.0 || ^19.0 || ^19.0.0-rc
105 silly packumentCache full:https://registry.npmjs.org/react cache-miss
106 http cache https://registry.npmjs.org/react 19ms (cache hit)
107 silly packumentCache full:https://registry.npmjs.org/react set size:6655171 disposed:false
108 silly fetch manifest react-dom@^16.8 || ^17.0 || ^18.0 || ^19.0 || ^19.0.0-rc
109 silly packumentCache full:https://registry.npmjs.org/react-dom cache-miss
110 http fetch GET 200 https://registry.npmjs.org/react-dom 341ms (cache revalidated)
111 silly packumentCache full:https://registry.npmjs.org/react-dom set size:8876176 disposed:false
112 silly fetch manifest @radix-ui/react-slot@1.2.3
113 silly packumentCache full:https://registry.npmjs.org/@radix-ui%2freact-slot cache-hit
114 silly placeDep ROOT @radix-ui/react-primitive@2.1.3 KEEP for: @radix-ui/react-dialog@1.1.15 want: 2.1.3
115 silly placeDep node_modules/@radix-ui/react-dialog @radix-ui/react-slot@1.2.3 KEEP for: @radix-ui/react-dialog@1.1.15 want: 1.2.3
116 silly placeDep ROOT @radix-ui/react-primitive@2.1.3 KEEP for: @radix-ui/react-dismissable-layer@1.1.11 want: 2.1.3
117 silly placeDep ROOT @radix-ui/react-primitive@2.1.3 KEEP for: @radix-ui/react-focus-scope@1.1.7 want: 2.1.3
118 silly fetch manifest @radix-ui/react-primitive@2.1.4
119 silly packumentCache full:https://registry.npmjs.org/@radix-ui%2freact-primitive cache-hit
120 silly placeDep node_modules/@radix-ui/react-label @radix-ui/react-primitive@2.1.4 KEEP for: @radix-ui/react-label@2.1.8 want: 2.1.4
121 silly placeDep ROOT @radix-ui/react-primitive@2.1.3 KEEP for: @radix-ui/react-portal@1.1.9 want: 2.1.3
122 silly placeDep node_modules/@radix-ui/react-primitive @radix-ui/react-slot@1.2.3 KEEP for: @radix-ui/react-primitive@2.1.3 want: 1.2.3
123 silly fetch manifest ignore@^7.0.5
124 silly packumentCache full:https://registry.npmjs.org/ignore cache-hit
125 silly placeDep node_modules/@typescript-eslint/eslint-plugin ignore@7.0.5 KEEP for: @typescript-eslint/eslint-plugin@8.60.0 want: ^7.0.5
126 silly fetch manifest debug@^4.4.3
127 silly packumentCache full:https://registry.npmjs.org/debug cache-hit
128 silly placeDep ROOT debug@4.4.3 KEEP for: @typescript-eslint/parser@8.60.0 want: ^4.4.3
129 silly placeDep ROOT debug@4.4.3 KEEP for: @typescript-eslint/project-service@8.60.0 want: ^4.4.3
130 silly placeDep ROOT debug@4.4.3 KEEP for: @typescript-eslint/type-utils@8.60.0 want: ^4.4.3
131 silly fetch manifest minimatch@^10.2.2
132 silly packumentCache full:https://registry.npmjs.org/minimatch cache-hit
133 silly fetch manifest semver@^7.7.3
134 silly packumentCache full:https://registry.npmjs.org/semver cache-hit
135 silly placeDep ROOT debug@4.4.3 KEEP for: @typescript-eslint/typescript-estree@8.60.0 want: ^4.4.3
136 silly placeDep ROOT minimatch@10.2.5 KEEP for: @typescript-eslint/typescript-estree@8.60.0 want: ^10.2.2
137 silly placeDep ROOT semver@7.8.1 KEEP for: @typescript-eslint/typescript-estree@8.60.0 want: ^7.7.3
138 silly fetch manifest eslint-visitor-keys@^5.0.0
139 silly packumentCache full:https://registry.npmjs.org/eslint-visitor-keys cache-hit
140 silly placeDep node_modules/@typescript-eslint/visitor-keys eslint-visitor-keys@5.0.1 KEEP for: @typescript-eslint/visitor-keys@8.60.0 want: ^5.0.0
141 silly fetch manifest picomatch@^2.0.4
142 silly packumentCache full:https://registry.npmjs.org/picomatch cache-miss
143 http fetch GET 200 https://registry.npmjs.org/picomatch 300ms (cache revalidated)
144 silly packumentCache full:https://registry.npmjs.org/picomatch set size:126376 disposed:false
145 silly placeDep ROOT picomatch@2.3.2 KEEP for: anymatch@3.1.3 want: ^2.0.4
146 silly fetch manifest postcss@^8.1.0
147 silly packumentCache full:https://registry.npmjs.org/postcss cache-hit
148 silly placeDep ROOT postcss@8.5.15 KEEP for: autoprefixer@10.5.0 want: ^8.1.0
149 silly fetch manifest balanced-match@^4.0.2
150 silly packumentCache full:https://registry.npmjs.org/balanced-match cache-miss
151 http cache https://registry.npmjs.org/balanced-match 6ms (cache hit)
152 silly packumentCache full:https://registry.npmjs.org/balanced-match set size:39082 disposed:false
153 silly placeDep ROOT balanced-match@4.0.4 KEEP for: brace-expansion@5.0.6 want: ^4.0.2
154 silly fetch manifest glob-parent@~5.1.2
155 silly packumentCache full:https://registry.npmjs.org/glob-parent cache-miss
156 http cache https://registry.npmjs.org/glob-parent 7ms (cache hit)
157 silly packumentCache full:https://registry.npmjs.org/glob-parent set size:42445 disposed:false
158 silly placeDep node_modules/chokidar glob-parent@5.1.2 KEEP for: chokidar@3.6.0 want: ~5.1.2
159 silly fetch manifest eslint-visitor-keys@^4.2.1
160 silly packumentCache full:https://registry.npmjs.org/eslint-visitor-keys cache-hit
161 silly fetch manifest glob-parent@^6.0.2
162 silly packumentCache full:https://registry.npmjs.org/glob-parent cache-hit
163 silly placeDep ROOT debug@4.4.3 KEEP for: eslint@9.39.4 want: ^4.3.2
164 silly placeDep node_modules/eslint eslint-visitor-keys@4.2.1 KEEP for: eslint@9.39.4 want: ^4.2.1
165 silly placeDep ROOT glob-parent@6.0.2 KEEP for: eslint@9.39.4 want: ^6.0.2
166 silly placeDep ROOT ignore@5.3.2 KEEP for: eslint@9.39.4 want: ^5.2.0
167 silly placeDep node_modules/eslint minimatch@3.1.5 KEEP for: eslint@9.39.4 want: ^3.1.5
168 silly fetch manifest globals@16.4.0
169 silly packumentCache full:https://registry.npmjs.org/globals cache-hit
170 silly placeDep ROOT globals@16.4.0 KEEP for: eslint-config-next@16.2.6 want: 16.4.0
171 silly fetch manifest debug@^3.2.7
172 silly packumentCache full:https://registry.npmjs.org/debug cache-hit
173 silly fetch manifest resolve@^2.0.0-next.6
174 silly packumentCache full:https://registry.npmjs.org/resolve cache-miss
175 http fetch GET 200 https://registry.npmjs.org/resolve 301ms (cache revalidated)
176 silly packumentCache full:https://registry.npmjs.org/resolve set size:244568 disposed:false
177 silly placeDep node_modules/eslint-import-resolver-node debug@3.2.7 KEEP for: eslint-import-resolver-node@0.3.10 want: ^3.2.7
178 silly placeDep ROOT resolve@2.0.0-next.7 KEEP for: eslint-import-resolver-node@0.3.10 want: ^2.0.0-next.6
179 silly placeDep node_modules/eslint-module-utils debug@3.2.7 KEEP for: eslint-module-utils@2.12.1 want: ^3.2.7
180 silly placeDep node_modules/espree eslint-visitor-keys@4.2.1 KEEP for: espree@10.4.0 want: ^4.2.1
181 silly fetch manifest glob-parent@^5.1.2
182 silly packumentCache full:https://registry.npmjs.org/glob-parent cache-hit
183 silly placeDep node_modules/fast-glob glob-parent@5.1.2 KEEP for: fast-glob@3.3.1 want: ^5.1.2
184 silly fetch manifest semver@^7.7.1
185 silly packumentCache full:https://registry.npmjs.org/semver cache-hit
186 silly placeDep ROOT semver@7.8.1 KEEP for: is-bun-module@2.0.0 want: ^7.7.1
187 silly fetch manifest picomatch@^2.3.1
188 silly packumentCache full:https://registry.npmjs.org/picomatch cache-hit
189 silly placeDep ROOT picomatch@2.3.2 KEEP for: micromatch@4.0.8 want: ^2.3.1
190 silly fetch manifest brace-expansion@^5.0.5
191 silly packumentCache full:https://registry.npmjs.org/brace-expansion cache-miss
192 http cache https://registry.npmjs.org/brace-expansion 5ms (cache hit)
193 silly packumentCache full:https://registry.npmjs.org/brace-expansion set size:72152 disposed:false
194 silly placeDep ROOT brace-expansion@5.0.6 KEEP for: minimatch@10.2.5 want: ^5.0.5
195 silly fetch manifest postcss@8.5.15
196 silly packumentCache full:https://registry.npmjs.org/postcss cache-hit
197 silly placeDep ROOT postcss@8.5.15 KEEP for: next@16.2.6 want: 8.5.15
198 silly placeDep node_modules/node-exports-info semver@6.3.1 KEEP for: node-exports-info@1.6.0 want: ^6.3.1
199 silly fetch manifest postcss@^8.0.0
200 silly packumentCache full:https://registry.npmjs.org/postcss cache-hit
201 silly fetch manifest resolve@^1.1.7
202 silly packumentCache full:https://registry.npmjs.org/resolve cache-hit
203 silly placeDep ROOT postcss@8.5.15 KEEP for: postcss-import@15.1.0 want: ^8.0.0
204 silly placeDep node_modules/postcss-import resolve@1.22.12 KEEP for: postcss-import@15.1.0 want: ^1.1.7
205 silly fetch manifest postcss@^8.4.21
206 silly packumentCache full:https://registry.npmjs.org/postcss cache-hit
207 silly placeDep ROOT postcss@8.5.15 KEEP for: postcss-js@4.1.0 want: ^8.4.21
208 silly fetch manifest postcss@>=8.0.9
209 silly packumentCache full:https://registry.npmjs.org/postcss cache-hit
210 silly placeDep ROOT postcss@8.5.15 KEEP for: postcss-load-config@6.0.1 want: >=8.0.9
211 silly fetch manifest postcss@^8.2.14
212 silly packumentCache full:https://registry.npmjs.org/postcss cache-hit
213 silly placeDep ROOT postcss@8.5.15 KEEP for: postcss-nested@6.2.0 want: ^8.2.14
214 silly fetch manifest picomatch@^2.2.1
215 silly packumentCache full:https://registry.npmjs.org/picomatch cache-hit
216 silly placeDep ROOT picomatch@2.3.2 KEEP for: readdirp@3.6.0 want: ^2.2.1
217 silly placeDep ROOT semver@7.8.1 KEEP for: sharp@0.34.5 want: ^7.7.3
218 silly fetch manifest fast-glob@^3.3.2
219 silly packumentCache full:https://registry.npmjs.org/fast-glob cache-hit
220 silly fetch manifest postcss@^8.4.47
221 silly packumentCache full:https://registry.npmjs.org/postcss cache-hit
222 silly fetch manifest resolve@^1.22.8
223 silly packumentCache full:https://registry.npmjs.org/resolve cache-hit
224 silly placeDep node_modules/tailwindcss fast-glob@3.3.3 KEEP for: tailwindcss@3.4.19 want: ^3.3.2
225 silly placeDep ROOT glob-parent@6.0.2 KEEP for: tailwindcss@3.4.19 want: ^6.0.2
226 silly placeDep ROOT postcss@8.5.15 KEEP for: tailwindcss@3.4.19 want: ^8.4.47
227 silly placeDep node_modules/tailwindcss resolve@1.22.12 KEEP for: tailwindcss@3.4.19 want: ^1.22.8
228 silly fetch manifest picomatch@^4.0.4
229 silly packumentCache full:https://registry.npmjs.org/picomatch cache-hit
230 silly placeDep node_modules/tinyglobby picomatch@4.0.4 KEEP for: tinyglobby@0.2.16 want: ^4.0.4
231 silly fetch manifest json5@^1.0.2
232 silly packumentCache full:https://registry.npmjs.org/json5 cache-hit
233 silly placeDep node_modules/tsconfig-paths json5@1.0.2 KEEP for: tsconfig-paths@3.15.0 want: ^1.0.2
234 silly fetch manifest balanced-match@^1.0.0
235 silly packumentCache full:https://registry.npmjs.org/balanced-match cache-hit
236 silly placeDep node_modules/@eslint/config-array balanced-match@1.0.2 KEEP for: brace-expansion@1.1.15 want: ^1.0.0
237 silly fetch manifest brace-expansion@^1.1.7
238 silly packumentCache full:https://registry.npmjs.org/brace-expansion cache-hit
239 silly placeDep node_modules/@eslint/config-array brace-expansion@1.1.15 KEEP for: minimatch@3.1.5 want: ^1.1.7
240 silly placeDep node_modules/@eslint/eslintrc balanced-match@1.0.2 KEEP for: brace-expansion@1.1.15 want: ^1.0.0
241 silly placeDep node_modules/@eslint/eslintrc brace-expansion@1.1.15 KEEP for: minimatch@3.1.5 want: ^1.1.7
242 silly fetch manifest @radix-ui/react-slot@1.2.4
243 silly packumentCache full:https://registry.npmjs.org/@radix-ui%2freact-slot cache-hit
244 silly placeDep ROOT @radix-ui/react-slot@1.2.4 KEEP for: @radix-ui/react-primitive@2.1.4 want: 1.2.4
245 silly placeDep node_modules/eslint-config-next balanced-match@1.0.2 KEEP for: brace-expansion@1.1.15 want: ^1.0.0
246 silly fetch manifest debug@^4.4.0
247 silly packumentCache full:https://registry.npmjs.org/debug cache-hit
248 silly placeDep ROOT debug@4.4.3 KEEP for: eslint-import-resolver-typescript@3.10.1 want: ^4.4.0
249 silly fetch manifest minimatch@^3.1.2
250 silly packumentCache full:https://registry.npmjs.org/minimatch cache-hit
251 silly placeDep node_modules/eslint-config-next/node_modules/eslint-plugin-import debug@3.2.7 KEEP for: eslint-plugin-import@2.32.0 want: ^3.2.7
252 silly placeDep node_modules/eslint-config-next minimatch@3.1.5 KEEP for: eslint-plugin-import@2.32.0 want: ^3.1.2
253 silly placeDep node_modules/eslint-config-next semver@6.3.1 KEEP for: eslint-plugin-import@2.32.0 want: ^6.3.1
254 silly placeDep node_modules/eslint-config-next minimatch@3.1.5 KEEP for: eslint-plugin-jsx-a11y@6.10.2 want: ^3.1.2
255 silly fetch manifest resolve@^2.0.0-next.5
256 silly packumentCache full:https://registry.npmjs.org/resolve cache-hit
257 silly placeDep node_modules/eslint-config-next minimatch@3.1.5 KEEP for: eslint-plugin-react@7.37.5 want: ^3.1.2
258 silly placeDep ROOT resolve@2.0.0-next.7 KEEP for: eslint-plugin-react@7.37.5 want: ^2.0.0-next.5
259 silly placeDep node_modules/eslint-config-next semver@6.3.1 KEEP for: eslint-plugin-react@7.37.5 want: ^6.3.1
260 silly placeDep node_modules/eslint-config-next brace-expansion@1.1.15 KEEP for: minimatch@3.1.5 want: ^1.1.7
261 silly placeDep node_modules/eslint balanced-match@1.0.2 KEEP for: brace-expansion@1.1.15 want: ^1.0.0
262 silly placeDep node_modules/eslint brace-expansion@1.1.15 KEEP for: minimatch@3.1.5 want: ^1.1.7
263 silly placeDep node_modules/tailwindcss/node_modules/fast-glob glob-parent@5.1.2 KEEP for: fast-glob@3.3.3 want: ^5.1.2
264 silly fetch manifest picomatch@^3 || ^4
265 silly packumentCache full:https://registry.npmjs.org/picomatch cache-hit
266 silly placeDep node_modules/tinyglobby picomatch@4.0.4 KEEP for: fdir@6.5.0 want: ^3 || ^4
267 silly reify moves {}
268 silly audit bulk request {
268 silly audit   '@alloc/quick-lru': [ '5.2.0' ],
268 silly audit   '@babel/code-frame': [ '7.29.7' ],
268 silly audit   '@babel/compat-data': [ '7.29.7' ],
268 silly audit   '@babel/core': [ '7.29.7' ],
268 silly audit   semver: [ '6.3.1', '7.8.1' ],
268 silly audit   '@babel/generator': [ '7.29.7' ],
268 silly audit   '@babel/helper-compilation-targets': [ '7.29.7' ],
268 silly audit   '@babel/helper-globals': [ '7.29.7' ],
268 silly audit   '@babel/helper-module-imports': [ '7.29.7' ],
268 silly audit   '@babel/helper-module-transforms': [ '7.29.7' ],
268 silly audit   '@babel/helper-string-parser': [ '7.29.7' ],
268 silly audit   '@babel/helper-validator-identifier': [ '7.29.7' ],
268 silly audit   '@babel/helper-validator-option': [ '7.29.7' ],
268 silly audit   '@babel/helpers': [ '7.29.7' ],
268 silly audit   '@babel/parser': [ '7.29.7' ],
268 silly audit   '@babel/template': [ '7.29.7' ],
268 silly audit   '@babel/traverse': [ '7.29.7' ],
268 silly audit   '@babel/types': [ '7.29.7' ],
268 silly audit   '@emnapi/wasi-threads': [ '1.2.1' ],
268 silly audit   '@eslint-community/eslint-utils': [ '4.9.1' ],
268 silly audit   '@eslint-community/regexpp': [ '4.12.2' ],
268 silly audit   '@eslint/config-array': [ '0.21.2' ],
268 silly audit   'balanced-match': [ '1.0.2', '4.0.4' ],
268 silly audit   'brace-expansion': [ '1.1.15', '5.0.6' ],
268 silly audit   minimatch: [ '3.1.5', '10.2.5' ],
268 silly audit   '@eslint/config-helpers': [ '0.4.2' ],
268 silly audit   '@eslint/core': [ '0.17.0' ],
268 silly audit   '@eslint/eslintrc': [ '3.3.5' ],
268 silly audit   globals: [ '14.0.0', '16.4.0' ],
268 silly audit   '@eslint/js': [ '9.39.4' ],
268 silly audit   '@eslint/object-schema': [ '2.1.7' ],
268 silly audit   '@eslint/plugin-kit': [ '0.4.1' ],
268 silly audit   '@hookform/resolvers': [ '3.10.0' ],
268 silly audit   '@humanfs/core': [ '0.19.2' ],
268 silly audit   '@humanfs/node': [ '0.16.8' ],
268 silly audit   '@humanfs/types': [ '0.15.0' ],
268 silly audit   '@humanwhocodes/module-importer': [ '1.0.1' ],
268 silly audit   '@humanwhocodes/retry': [ '0.4.3' ],
268 silly audit   '@img/colour': [ '1.1.0' ],
268 silly audit   '@img/sharp-darwin-arm64': [ '0.34.5' ],
268 silly audit   '@img/sharp-darwin-x64': [ '0.34.5' ],
268 silly audit   '@img/sharp-libvips-darwin-arm64': [ '1.2.4' ],
268 silly audit   '@img/sharp-libvips-darwin-x64': [ '1.2.4' ],
268 silly audit   '@img/sharp-libvips-linux-arm': [ '1.2.4' ],
268 silly audit   '@img/sharp-libvips-linux-arm64': [ '1.2.4' ],
268 silly audit   '@img/sharp-libvips-linux-ppc64': [ '1.2.4' ],
268 silly audit   '@img/sharp-libvips-linux-riscv64': [ '1.2.4' ],
268 silly audit   '@img/sharp-libvips-linux-s390x': [ '1.2.4' ],
268 silly audit   '@img/sharp-libvips-linux-x64': [ '1.2.4' ],
268 silly audit   '@img/sharp-libvips-linuxmusl-arm64': [ '1.2.4' ],
268 silly audit   '@img/sharp-libvips-linuxmusl-x64': [ '1.2.4' ],
268 silly audit   '@img/sharp-linux-arm': [ '0.34.5' ],
268 silly audit   '@img/sharp-linux-arm64': [ '0.34.5' ],
268 silly audit   '@img/sharp-linux-ppc64': [ '0.34.5' ],
268 silly audit   '@img/sharp-linux-riscv64': [ '0.34.5' ],
268 silly audit   '@img/sharp-linux-s390x': [ '0.34.5' ],
268 silly audit   '@img/sharp-linux-x64': [ '0.34.5' ],
268 silly audit   '@img/sharp-linuxmusl-arm64': [ '0.34.5' ],
268 silly audit   '@img/sharp-linuxmusl-x64': [ '0.34.5' ],
268 silly audit   '@img/sharp-wasm32': [ '0.34.5' ],
268 silly audit   '@img/sharp-win32-arm64': [ '0.34.5' ],
268 silly audit   '@img/sharp-win32-ia32': [ '0.34.5' ],
268 silly audit   '@img/sharp-win32-x64': [ '0.34.5' ],
268 silly audit   '@jridgewell/gen-mapping': [ '0.3.13' ],
268 silly audit   '@jridgewell/remapping': [ '2.3.5' ],
268 silly audit   '@jridgewell/resolve-uri': [ '3.1.2' ],
268 silly audit   '@jridgewell/sourcemap-codec': [ '1.5.5' ],
268 silly audit   '@jridgewell/trace-mapping': [ '0.3.31' ],
268 silly audit   '@napi-rs/wasm-runtime': [ '1.1.4' ],
268 silly audit   '@next/env': [ '16.2.6' ],
268 silly audit   '@next/eslint-plugin-next': [ '16.2.6' ],
268 silly audit   '@next/swc-darwin-arm64': [ '16.2.6' ],
268 silly audit   '@next/swc-darwin-x64': [ '16.2.6' ],
268 silly audit   '@next/swc-linux-arm64-gnu': [ '16.2.6' ],
268 silly audit   '@next/swc-linux-arm64-musl': [ '16.2.6' ],
268 silly audit   '@next/swc-linux-x64-gnu': [ '16.2.6' ],
268 silly audit   '@next/swc-linux-x64-musl': [ '16.2.6' ],
268 silly audit   '@next/swc-win32-arm64-msvc': [ '16.2.6' ],
268 silly audit   '@next/swc-win32-x64-msvc': [ '16.2.6' ],
268 silly audit   '@nodelib/fs.scandir': [ '2.1.5' ],
268 silly audit   '@nodelib/fs.stat': [ '2.0.5' ],
268 silly audit   '@nodelib/fs.walk': [ '1.2.8' ],
268 silly audit   '@nolyfill/is-core-module': [ '1.0.39' ],
268 silly audit   '@radix-ui/primitive': [ '1.1.3' ],
268 silly audit   '@radix-ui/react-compose-refs': [ '1.1.2' ],
268 silly audit   '@radix-ui/react-context': [ '1.1.2' ],
268 silly audit   '@radix-ui/react-dialog': [ '1.1.15' ],
268 silly audit   '@radix-ui/react-slot': [ '1.2.3', '1.2.4' ],
268 silly audit   '@radix-ui/react-dismissable-layer': [ '1.1.11' ],
268 silly audit   '@radix-ui/react-focus-guards': [ '1.1.3' ],
268 silly audit   '@radix-ui/react-focus-scope': [ '1.1.7' ],
268 silly audit   '@radix-ui/react-id': [ '1.1.1' ],
268 silly audit   '@radix-ui/react-label': [ '2.1.8' ],
268 silly audit   '@radix-ui/react-primitive': [ '2.1.4', '2.1.3' ],
268 silly audit   '@radix-ui/react-portal': [ '1.1.9' ],
268 silly audit   '@radix-ui/react-presence': [ '1.1.5' ],
268 silly audit   '@radix-ui/react-use-callback-ref': [ '1.1.1' ],
268 silly audit   '@radix-ui/react-use-controllable-state': [ '1.2.2' ],
268 silly audit   '@radix-ui/react-use-effect-event': [ '0.0.2' ],
268 silly audit   '@radix-ui/react-use-escape-keydown': [ '1.1.1' ],
268 silly audit   '@radix-ui/react-use-layout-effect': [ '1.1.1' ],
268 silly audit   '@rtsao/scc': [ '1.1.0' ],
268 silly audit   '@swc/helpers': [ '0.5.15' ],
268 silly audit   '@tybys/wasm-util': [ '0.10.2' ],
268 silly audit   '@types/estree': [ '1.0.9' ],
268 silly audit   '@types/json-schema': [ '7.0.15' ],
268 silly audit   '@types/json5': [ '0.0.29' ],
268 silly audit   '@types/node': [ '22.19.19' ],
268 silly audit   '@types/react': [ '19.2.15' ],
268 silly audit   '@types/react-dom': [ '19.2.3' ],
268 silly audit   '@typescript-eslint/eslint-plugin': [ '8.60.0' ],
268 silly audit   ignore: [ '7.0.5', '5.3.2' ],
268 silly audit   '@typescript-eslint/parser': [ '8.60.0' ],
268 silly audit   '@typescript-eslint/project-service': [ '8.60.0' ],
268 silly audit   '@typescript-eslint/scope-manager': [ '8.60.0' ],
268 silly audit   '@typescript-eslint/tsconfig-utils': [ '8.60.0' ],
268 silly audit   '@typescript-eslint/type-utils': [ '8.60.0' ],
268 silly audit   '@typescript-eslint/types': [ '8.60.0' ],
268 silly audit   '@typescript-eslint/typescript-estree': [ '8.60.0' ],
268 silly audit   '@typescript-eslint/utils': [ '8.60.0' ],
268 silly audit   '@typescript-eslint/visitor-keys': [ '8.60.0' ],
268 silly audit   'eslint-visitor-keys': [ '5.0.1', '3.4.3', '4.2.1' ],
268 silly audit   '@unrs/resolver-binding-android-arm-eabi': [ '1.12.2' ],
268 silly audit   '@unrs/resolver-binding-android-arm64': [ '1.12.2' ],
268 silly audit   '@unrs/resolver-binding-darwin-arm64': [ '1.12.2' ],
268 silly audit   '@unrs/resolver-binding-darwin-x64': [ '1.12.2' ],
268 silly audit   '@unrs/resolver-binding-freebsd-x64': [ '1.12.2' ],
268 silly audit   '@unrs/resolver-binding-linux-arm-gnueabihf': [ '1.12.2' ],
268 silly audit   '@unrs/resolver-binding-linux-arm-musleabihf': [ '1.12.2' ],
268 silly audit   '@unrs/resolver-binding-linux-arm64-gnu': [ '1.12.2' ],
268 silly audit   '@unrs/resolver-binding-linux-arm64-musl': [ '1.12.2' ],
268 silly audit   '@unrs/resolver-binding-linux-loong64-gnu': [ '1.12.2' ],
268 silly audit   '@unrs/resolver-binding-linux-loong64-musl': [ '1.12.2' ],
268 silly audit   '@unrs/resolver-binding-linux-ppc64-gnu': [ '1.12.2' ],
268 silly audit   '@unrs/resolver-binding-linux-riscv64-gnu': [ '1.12.2' ],
268 silly audit   '@unrs/resolver-binding-linux-riscv64-musl': [ '1.12.2' ],
268 silly audit   '@unrs/resolver-binding-linux-s390x-gnu': [ '1.12.2' ],
268 silly audit   '@unrs/resolver-binding-linux-x64-gnu': [ '1.12.2' ],
268 silly audit   '@unrs/resolver-binding-linux-x64-musl': [ '1.12.2' ],
268 silly audit   '@unrs/resolver-binding-openharmony-arm64': [ '1.12.2' ],
268 silly audit   '@unrs/resolver-binding-wasm32-wasi': [ '1.12.2' ],
268 silly audit   '@unrs/resolver-binding-win32-arm64-msvc': [ '1.12.2' ],
268 silly audit   '@unrs/resolver-binding-win32-ia32-msvc': [ '1.12.2' ],
268 silly audit   '@unrs/resolver-binding-win32-x64-msvc': [ '1.12.2' ],
268 silly audit   acorn: [ '8.16.0' ],
268 silly audit   'acorn-jsx': [ '5.3.2' ],
268 silly audit   ajv: [ '6.15.0' ],
268 silly audit   'ansi-styles': [ '4.3.0' ],
268 silly audit   'any-promise': [ '1.3.0' ],
268 silly audit   anymatch: [ '3.1.3' ],
268 silly audit   arg: [ '5.0.2' ],
268 silly audit   argparse: [ '2.0.1' ],
268 silly audit   'aria-hidden': [ '1.2.6' ],
268 silly audit   'aria-query': [ '5.3.2' ],
268 silly audit   'array-buffer-byte-length': [ '1.0.2' ],
268 silly audit   'array-includes': [ '3.1.9' ],
268 silly audit   'array.prototype.findlast': [ '1.2.5' ],
268 silly audit   'array.prototype.findlastindex': [ '1.2.6' ],
268 silly audit   'array.prototype.flat': [ '1.3.3' ],
268 silly audit   'array.prototype.flatmap': [ '1.3.3' ],
268 silly audit   'array.prototype.tosorted': [ '1.1.4' ],
268 silly audit   'arraybuffer.prototype.slice': [ '1.0.4' ],
268 silly audit   'ast-types-flow': [ '0.0.8' ],
268 silly audit   'async-function': [ '1.0.0' ],
268 silly audit   autoprefixer: [ '10.5.0' ],
268 silly audit   'available-typed-arrays': [ '1.0.7' ],
268 silly audit   'axe-core': [ '4.11.4' ],
268 silly audit   'axobject-query': [ '4.1.0' ],
268 silly audit   'baseline-browser-mapping': [ '2.10.32' ],
268 silly audit   'binary-extensions': [ '2.3.0' ],
268 silly audit   braces: [ '3.0.3' ],
268 silly audit   browserslist: [ '4.28.2' ],
268 silly audit   'call-bind': [ '1.0.9' ],
268 silly audit   'call-bind-apply-helpers': [ '1.0.2' ],
268 silly audit   'call-bound': [ '1.0.4' ],
268 silly audit   callsites: [ '3.1.0' ],
268 silly audit   'camelcase-css': [ '2.0.1' ],
268 silly audit   'caniuse-lite': [ '1.0.30001793' ],
268 silly audit   chalk: [ '4.1.2' ],
268 silly audit   chokidar: [ '3.6.0' ],
268 silly audit   'glob-parent': [ '5.1.2', '6.0.2' ],
268 silly audit   'class-variance-authority': [ '0.7.1' ],
268 silly audit   'client-only': [ '0.0.1' ],
268 silly audit   clsx: [ '2.1.1' ],
268 silly audit   'color-convert': [ '2.0.1' ],
268 silly audit   'color-name': [ '1.1.4' ],
268 silly audit   commander: [ '4.1.1' ],
268 silly audit   'concat-map': [ '0.0.1' ],
268 silly audit   'convert-source-map': [ '2.0.0' ],
268 silly audit   'cross-spawn': [ '7.0.6' ],
268 silly audit   cssesc: [ '3.0.0' ],
268 silly audit   csstype: [ '3.2.3' ],
268 silly audit   'damerau-levenshtein': [ '1.0.8' ],
268 silly audit   'data-view-buffer': [ '1.0.2' ],
268 silly audit   'data-view-byte-length': [ '1.0.2' ],
268 silly audit   'data-view-byte-offset': [ '1.0.1' ],
268 silly audit   debug: [ '4.4.3', '3.2.7' ],
268 silly audit   'deep-is': [ '0.1.4' ],
268 silly audit   'define-data-property': [ '1.1.4' ],
268 silly audit   'define-properties': [ '1.2.1' ],
268 silly audit   'detect-libc': [ '2.1.2' ],
268 silly audit   'detect-node-es': [ '1.1.0' ],
268 silly audit   didyoumean: [ '1.2.2' ],
268 silly audit   dlv: [ '1.1.3' ],
268 silly audit   doctrine: [ '2.1.0' ],
268 silly audit   'dunder-proto': [ '1.0.1' ],
268 silly audit   'electron-to-chromium': [ '1.5.361' ],
268 silly audit   'emoji-regex': [ '9.2.2' ],
268 silly audit   'es-abstract': [ '1.24.2' ],
268 silly audit   'es-define-property': [ '1.0.1' ],
268 silly audit   'es-errors': [ '1.3.0' ],
268 silly audit   'es-iterator-helpers': [ '1.3.2' ],
268 silly audit   'es-object-atoms': [ '1.1.2' ],
268 silly audit   'es-set-tostringtag': [ '2.1.0' ],
268 silly audit   'es-shim-unscopables': [ '1.1.0' ],
268 silly audit   'es-to-primitive': [ '1.3.0' ],
268 silly audit   escalade: [ '3.2.0' ],
268 silly audit   'escape-string-regexp': [ '4.0.0' ],
268 silly audit   eslint: [ '9.39.4' ],
268 silly audit   'eslint-config-next': [ '16.2.6' ],
268 silly audit   'eslint-import-resolver-typescript': [ '3.10.1' ],
268 silly audit   'eslint-plugin-import': [ '2.32.0' ],
268 silly audit   'eslint-plugin-jsx-a11y': [ '6.10.2' ],
268 silly audit   'eslint-plugin-react': [ '7.37.5' ],
268 silly audit   'eslint-import-resolver-node': [ '0.3.10' ],
268 silly audit   'eslint-module-utils': [ '2.12.1' ],
268 silly audit   'eslint-plugin-react-hooks': [ '7.1.1' ],
268 silly audit   'eslint-scope': [ '8.4.0' ],
268 silly audit   espree: [ '10.4.0' ],
268 silly audit   esquery: [ '1.7.0' ],
268 silly audit   esrecurse: [ '4.3.0' ],
268 silly audit   estraverse: [ '5.3.0' ],
268 silly audit   esutils: [ '2.0.3' ],
268 silly audit   'fast-deep-equal': [ '3.1.3' ],
268 silly audit   'fast-glob': [ '3.3.1', '3.3.3' ],
268 silly audit   'fast-json-stable-stringify': [ '2.1.0' ],
268 silly audit   'fast-levenshtein': [ '2.0.6' ],
268 silly audit   fastq: [ '1.20.1' ],
268 silly audit   'file-entry-cache': [ '8.0.0' ],
268 silly audit   'fill-range': [ '7.1.1' ],
268 silly audit   'find-up': [ '5.0.0' ],
268 silly audit   'flat-cache': [ '4.0.1' ],
268 silly audit   flatted: [ '3.4.2' ],
268 silly audit   'for-each': [ '0.3.5' ],
268 silly audit   'fraction.js': [ '5.3.4' ],
268 silly audit   'framer-motion': [ '11.18.2' ],
268 silly audit   fsevents: [ '2.3.3' ],
268 silly audit   'function-bind': [ '1.1.2' ],
268 silly audit   'function.prototype.name': [ '1.1.8' ],
268 silly audit   'functions-have-names': [ '1.2.3' ],
268 silly audit   'generator-function': [ '2.0.1' ],
268 silly audit   gensync: [ '1.0.0-beta.2' ],
268 silly audit   'get-intrinsic': [ '1.3.0' ],
268 silly audit   'get-nonce': [ '1.0.1' ],
268 silly audit   'get-proto': [ '1.0.1' ],
268 silly audit   'get-symbol-description': [ '1.1.0' ],
268 silly audit   'get-tsconfig': [ '4.14.0' ],
268 silly audit   globalthis: [ '1.0.4' ],
268 silly audit   gopd: [ '1.2.0' ],
268 silly audit   'has-bigints': [ '1.1.0' ],
268 silly audit   'has-flag': [ '4.0.0' ],
268 silly audit   'has-property-descriptors': [ '1.0.2' ],
268 silly audit   'has-proto': [ '1.2.0' ],
268 silly audit   'has-symbols': [ '1.1.0' ],
268 silly audit   'has-tostringtag': [ '1.0.2' ],
268 silly audit   hasown: [ '2.0.3' ],
268 silly audit   'hermes-estree': [ '0.25.1' ],
268 silly audit   'hermes-parser': [ '0.25.1' ],
268 silly audit   'import-fresh': [ '3.3.1' ],
268 silly audit   imurmurhash: [ '0.1.4' ],
268 silly audit   'internal-slot': [ '1.1.0' ],
268 silly audit   'is-array-buffer': [ '3.0.5' ],
268 silly audit   'is-async-function': [ '2.1.1' ],
268 silly audit   'is-bigint': [ '1.1.0' ],
268 silly audit   'is-binary-path': [ '2.1.0' ],
268 silly audit   'is-boolean-object': [ '1.2.2' ],
268 silly audit   'is-bun-module': [ '2.0.0' ],
268 silly audit   'is-callable': [ '1.2.7' ],
268 silly audit   'is-core-module': [ '2.16.2' ],
268 silly audit   'is-data-view': [ '1.0.2' ],
268 silly audit   'is-date-object': [ '1.1.0' ],
268 silly audit   'is-extglob': [ '2.1.1' ],
268 silly audit   'is-finalizationregistry': [ '1.1.1' ],
268 silly audit   'is-generator-function': [ '1.1.2' ],
268 silly audit   'is-glob': [ '4.0.3' ],
268 silly audit   'is-map': [ '2.0.3' ],
268 silly audit   'is-negative-zero': [ '2.0.3' ],
268 silly audit   'is-number': [ '7.0.0' ],
268 silly audit   'is-number-object': [ '1.1.1' ],
268 silly audit   'is-regex': [ '1.2.1' ],
268 silly audit   'is-set': [ '2.0.3' ],
268 silly audit   'is-shared-array-buffer': [ '1.0.4' ],
268 silly audit   'is-string': [ '1.1.1' ],
268 silly audit   'is-symbol': [ '1.1.1' ],
268 silly audit   'is-typed-array': [ '1.1.15' ],
268 silly audit   'is-weakmap': [ '2.0.2' ],
268 silly audit   'is-weakref': [ '1.1.1' ],
268 silly audit   'is-weakset': [ '2.0.4' ],
268 silly audit   isarray: [ '2.0.5' ],
268 silly audit   isexe: [ '2.0.0' ],
268 silly audit   'iterator.prototype': [ '1.1.5' ],
268 silly audit   jiti: [ '1.21.7' ],
268 silly audit   'js-tokens': [ '4.0.0' ],
268 silly audit   'js-yaml': [ '4.1.1' ],
268 silly audit   jsesc: [ '3.1.0' ],
268 silly audit   'json-buffer': [ '3.0.1' ],
268 silly audit   'json-schema-traverse': [ '0.4.1' ],
268 silly audit   'json-stable-stringify-without-jsonify': [ '1.0.1' ],
268 silly audit   json5: [ '2.2.3', '1.0.2' ],
268 silly audit   'jsx-ast-utils': [ '3.3.5' ],
268 silly audit   keyv: [ '4.5.4' ],
268 silly audit   'language-subtag-registry': [ '0.3.23' ],
268 silly audit   'language-tags': [ '1.0.9' ],
268 silly audit   levn: [ '0.4.1' ],
268 silly audit   lilconfig: [ '3.1.3' ],
268 silly audit   'lines-and-columns': [ '1.2.4' ],
268 silly audit   'locate-path': [ '6.0.0' ],
268 silly audit   'lodash.merge': [ '4.6.2' ],
268 silly audit   'loose-envify': [ '1.4.0' ],
268 silly audit   'lru-cache': [ '5.1.1' ],
268 silly audit   'lucide-react': [ '0.468.0' ],
268 silly audit   'math-intrinsics': [ '1.1.0' ],
268 silly audit   merge2: [ '1.4.1' ],
268 silly audit   micromatch: [ '4.0.8' ],
268 silly audit   minimist: [ '1.2.8' ],
268 silly audit   'motion-dom': [ '11.18.1' ],
268 silly audit   'motion-utils': [ '11.18.1' ],
268 silly audit   ms: [ '2.1.3' ],
268 silly audit   mz: [ '2.7.0' ],
268 silly audit   nanoid: [ '3.3.12' ],
268 silly audit   'napi-postinstall': [ '0.3.4' ],
268 silly audit   'natural-compare': [ '1.4.0' ],
268 silly audit   next: [ '16.2.6' ],
268 silly audit   'next-themes': [ '0.4.6' ],
268 silly audit   postcss: [ '8.4.31', '8.5.15' ],
268 silly audit   'node-exports-info': [ '1.6.0' ],
268 silly audit   'node-releases': [ '2.0.46' ],
268 silly audit   'normalize-path': [ '3.0.0' ],
268 silly audit   'object-assign': [ '4.1.1' ],
268 silly audit   'object-hash': [ '3.0.0' ],
268 silly audit   'object-inspect': [ '1.13.4' ],
268 silly audit   'object-keys': [ '1.1.1' ],
268 silly audit   'object.assign': [ '4.1.7' ],
268 silly audit   'object.entries': [ '1.1.9' ],
268 silly audit   'object.fromentries': [ '2.0.8' ],
268 silly audit   'object.groupby': [ '1.0.3' ],
268 silly audit   'object.values': [ '1.2.1' ],
268 silly audit   optionator: [ '0.9.4' ],
268 silly audit   'own-keys': [ '1.0.1' ],
268 silly audit   'p-limit': [ '3.1.0' ],
268 silly audit   'p-locate': [ '5.0.0' ],
268 silly audit   'parent-module': [ '1.0.1' ],
268 silly audit   'path-exists': [ '4.0.0' ],
268 silly audit   'path-key': [ '3.1.1' ],
268 silly audit   'path-parse': [ '1.0.7' ],
268 silly audit   picocolors: [ '1.1.1' ],
268 silly audit   picomatch: [ '2.3.2', '4.0.4' ],
268 silly audit   pify: [ '2.3.0' ],
268 silly audit   pirates: [ '4.0.7' ],
268 silly audit   'possible-typed-array-names': [ '1.1.0' ],
268 silly audit   'postcss-import': [ '15.1.0' ],
268 silly audit   resolve: [ '1.22.12', '2.0.0-next.7' ],
268 silly audit   'postcss-js': [ '4.1.0' ],
268 silly audit   'postcss-load-config': [ '6.0.1' ],
268 silly audit   'postcss-nested': [ '6.2.0' ],
268 silly audit   'postcss-selector-parser': [ '6.1.2' ],
268 silly audit   'postcss-value-parser': [ '4.2.0' ],
268 silly audit   'prelude-ls': [ '1.2.1' ],
268 silly audit   'prop-types': [ '15.8.1' ],
268 silly audit   punycode: [ '2.3.1' ],
268 silly audit   'queue-microtask': [ '1.2.3' ],
268 silly audit   react: [ '19.2.6' ],
268 silly audit   'react-dom': [ '19.2.6' ],
268 silly audit   'react-hook-form': [ '7.76.1' ],
268 silly audit   'react-is': [ '16.13.1' ],
268 silly audit   'react-remove-scroll': [ '2.7.2' ],
268 silly audit   'react-remove-scroll-bar': [ '2.3.8' ],
268 silly audit   'react-style-singleton': [ '2.2.3' ],
268 silly audit   'read-cache': [ '1.0.0' ],
268 silly audit   readdirp: [ '3.6.0' ],
268 silly audit   'reflect.getprototypeof': [ '1.0.10' ],
268 silly audit   'regexp.prototype.flags': [ '1.5.4' ],
268 silly audit   'resolve-from': [ '4.0.0' ],
268 silly audit   'resolve-pkg-maps': [ '1.0.0' ],
268 silly audit   reusify: [ '1.1.0' ],
268 silly audit   'run-parallel': [ '1.2.0' ],
268 silly audit   'safe-array-concat': [ '1.1.4' ],
268 silly audit   'safe-push-apply': [ '1.0.0' ],
268 silly audit   'safe-regex-test': [ '1.1.0' ],
268 silly audit   scheduler: [ '0.27.0' ],
268 silly audit   'set-function-length': [ '1.2.2' ],
268 silly audit   'set-function-name': [ '2.0.2' ],
268 silly audit   'set-proto': [ '1.0.0' ],
268 silly audit   sharp: [ '0.34.5' ],
268 silly audit   'shebang-command': [ '2.0.0' ],
268 silly audit   'shebang-regex': [ '3.0.0' ],
268 silly audit   'side-channel': [ '1.1.0' ],
268 silly audit   'side-channel-list': [ '1.0.1' ],
268 silly audit   'side-channel-map': [ '1.0.1' ],
268 silly audit   'side-channel-weakmap': [ '1.0.2' ],
268 silly audit   'source-map-js': [ '1.2.1' ],
268 silly audit   'stable-hash': [ '0.0.5' ],
268 silly audit   'stop-iteration-iterator': [ '1.1.0' ],
268 silly audit   'string.prototype.includes': [ '2.0.1' ],
268 silly audit   'string.prototype.matchall': [ '4.0.12' ],
268 silly audit   'string.prototype.repeat': [ '1.0.0' ],
268 silly audit   'string.prototype.trim': [ '1.2.10' ],
268 silly audit   'string.prototype.trimend': [ '1.0.9' ],
268 silly audit   'string.prototype.trimstart': [ '1.0.8' ],
268 silly audit   'strip-bom': [ '3.0.0' ],
268 silly audit   'strip-json-comments': [ '3.1.1' ],
268 silly audit   'styled-jsx': [ '5.1.6' ],
268 silly audit   sucrase: [ '3.35.1' ],
268 silly audit   'supports-color': [ '7.2.0' ],
268 silly audit   'supports-preserve-symlinks-flag': [ '1.0.0' ],
268 silly audit   'tailwind-merge': [ '2.6.1' ],
268 silly audit   tailwindcss: [ '3.4.19' ],
268 silly audit   'tailwindcss-animate': [ '1.0.7' ],
268 silly audit   thenify: [ '3.3.1' ],
268 silly audit   'thenify-all': [ '1.6.0' ],
268 silly audit   tinyglobby: [ '0.2.16' ],
268 silly audit   fdir: [ '6.5.0' ],
268 silly audit   'to-regex-range': [ '5.0.1' ],
268 silly audit   'ts-api-utils': [ '2.5.0' ],
268 silly audit   'ts-interface-checker': [ '0.1.13' ],
268 silly audit   'tsconfig-paths': [ '3.15.0' ],
268 silly audit   tslib: [ '2.8.1' ],
268 silly audit   'type-check': [ '0.4.0' ],
268 silly audit   'typed-array-buffer': [ '1.0.3' ],
268 silly audit   'typed-array-byte-length': [ '1.0.3' ],
268 silly audit   'typed-array-byte-offset': [ '1.0.4' ],
268 silly audit   'typed-array-length': [ '1.0.7' ],
268 silly audit   typescript: [ '5.9.3' ],
268 silly audit   'typescript-eslint': [ '8.60.0' ],
268 silly audit   'unbox-primitive': [ '1.1.0' ],
268 silly audit   'undici-types': [ '6.21.0' ],
268 silly audit   'unrs-resolver': [ '1.12.2' ],
268 silly audit   'update-browserslist-db': [ '1.2.3' ],
268 silly audit   'uri-js': [ '4.4.1' ],
268 silly audit   'use-callback-ref': [ '1.3.3' ],
268 silly audit   'use-sidecar': [ '1.1.3' ],
268 silly audit   'util-deprecate': [ '1.0.2' ],
268 silly audit   which: [ '2.0.2' ],
268 silly audit   'which-boxed-primitive': [ '1.1.1' ],
268 silly audit   'which-builtin-type': [ '1.2.1' ],
268 silly audit   'which-collection': [ '1.0.2' ],
268 silly audit   'which-typed-array': [ '1.1.21' ],
268 silly audit   'word-wrap': [ '1.2.5' ],
268 silly audit   yallist: [ '3.1.1' ],
268 silly audit   'yocto-queue': [ '0.1.0' ],
268 silly audit   zod: [ '3.25.76' ],
268 silly audit   'zod-validation-error': [ '4.0.2' ]
268 silly audit }
269 http fetch POST 200 https://registry.npmjs.org/-/npm/v1/security/advisories/bulk 655ms
270 silly audit report {
270 silly audit report   postcss: [
270 silly audit report     {
270 silly audit report       id: 1117015,
270 silly audit report       url: 'https://github.com/advisories/GHSA-qx2v-qp2m-jg93',
270 silly audit report       title: 'PostCSS has XSS via Unescaped </style> in its CSS Stringify Output',
270 silly audit report       severity: 'moderate',
270 silly audit report       vulnerable_versions: '<8.5.10',
270 silly audit report       cwe: [Array],
270 silly audit report       cvss: [Object]
270 silly audit report     }
270 silly audit report   ]
270 silly audit report }
271 silly packumentCache corgi:https://registry.npmjs.org/postcss cache-miss
272 http cache https://registry.npmjs.org/postcss 7ms (cache hit)
273 silly packumentCache corgi:https://registry.npmjs.org/postcss set size:344717 disposed:false
274 silly packumentCache corgi:https://registry.npmjs.org/next cache-miss
275 http cache https://registry.npmjs.org/next 79ms (cache hit)
276 silly packumentCache corgi:https://registry.npmjs.org/next set size:25033982 disposed:false
277 verbose cwd A:\portfolio
278 verbose os Windows_NT 10.0.26200
279 verbose node v24.11.0
280 verbose npm  v11.6.1
281 verbose exit 0
282 info ok
