0 verbose cli C:\Program Files\nodejs\node.exe C:\Program Files\nodejs\node_modules\npm\bin\npm-cli.js
1 info using npm@11.6.1
2 info using node@v24.11.0
3 silly config load:file:C:\Program Files\nodejs\node_modules\npm\npmrc
4 silly config load:file:A:\portfolio\.npmrc
5 silly config load:file:C:\Users\khana\.npmrc
6 silly config load:file:C:\Users\khana\AppData\Roaming\npm\etc\npmrc
7 verbose title npm install next@15.5.18 eslint-config-next@15.5.18 eslint@8.57.1
8 verbose argv "install" "next@15.5.18" "eslint-config-next@15.5.18" "eslint@8.57.1" "--cache" ".npm-cache"
9 verbose logfile logs-max:10 dir:A:\portfolio\.npm-cache\_logs\2026-05-26T22_51_51_386Z-
10 verbose logfile A:\portfolio\.npm-cache\_logs\2026-05-26T22_51_51_386Z-debug-0.log
11 silly logfile start cleaning logs, removing 1 files
12 silly packumentCache heap:2348810240 maxSize:587202560 maxEntrySize:293601280
13 silly logfile done cleaning log files
14 silly idealTree buildDeps
15 silly fetch manifest next@15.5.18
16 silly packumentCache full:https://registry.npmjs.org/next cache-miss
17 http fetch GET 200 https://registry.npmjs.org/next 1570ms (cache revalidated)
18 silly packumentCache full:https://registry.npmjs.org/next set size:30499864 disposed:false
19 silly fetch manifest @opentelemetry/api@^1.1.0
20 silly packumentCache full:https://registry.npmjs.org/@opentelemetry%2fapi cache-miss
21 http fetch GET 200 https://registry.npmjs.org/@opentelemetry%2fapi 856ms (cache revalidated)
22 silly packumentCache full:https://registry.npmjs.org/@opentelemetry%2fapi set size:272967 disposed:false
23 silly fetch manifest @playwright/test@^1.51.1
24 silly packumentCache full:https://registry.npmjs.org/@playwright%2ftest cache-miss
25 http fetch GET 200 https://registry.npmjs.org/@playwright%2ftest 887ms (cache revalidated)
26 silly packumentCache full:https://registry.npmjs.org/@playwright%2ftest set size:9153203 disposed:false
27 silly fetch manifest babel-plugin-react-compiler@*
28 silly packumentCache full:https://registry.npmjs.org/babel-plugin-react-compiler cache-miss
29 http fetch GET 200 https://registry.npmjs.org/babel-plugin-react-compiler 620ms (cache revalidated)
30 silly packumentCache full:https://registry.npmjs.org/babel-plugin-react-compiler set size:1356999 disposed:false
31 silly fetch manifest react@^19.0.0
32 silly packumentCache full:https://registry.npmjs.org/react cache-miss
33 http fetch GET 200 https://registry.npmjs.org/react 375ms (cache revalidated)
34 silly packumentCache full:https://registry.npmjs.org/react set size:6655171 disposed:false
35 silly fetch manifest react-dom@^19.0.0
36 silly packumentCache full:https://registry.npmjs.org/react-dom cache-miss
37 http fetch GET 200 https://registry.npmjs.org/react-dom 557ms (cache revalidated)
38 silly packumentCache full:https://registry.npmjs.org/react-dom set size:8876176 disposed:false
39 silly fetch manifest sass@^1.3.0
40 silly packumentCache full:https://registry.npmjs.org/sass cache-miss
41 http fetch GET 200 https://registry.npmjs.org/sass 476ms (cache revalidated)
42 silly packumentCache full:https://registry.npmjs.org/sass set size:728345 disposed:false
43 silly fetch manifest eslint@8.57.1
44 silly packumentCache full:https://registry.npmjs.org/eslint cache-miss
45 http fetch GET 200 https://registry.npmjs.org/eslint 326ms (cache revalidated)
46 silly packumentCache full:https://registry.npmjs.org/eslint set size:1997485 disposed:false
47 silly fetch manifest eslint-config-next@15.5.18
48 silly packumentCache full:https://registry.npmjs.org/eslint-config-next cache-miss
49 http fetch GET 200 https://registry.npmjs.org/eslint-config-next 391ms (cache revalidated)
50 silly packumentCache full:https://registry.npmjs.org/eslint-config-next set size:6701312 disposed:false
51 silly fetch manifest typescript@^5.6.3
52 silly packumentCache full:https://registry.npmjs.org/typescript cache-miss
53 http fetch GET 200 https://registry.npmjs.org/typescript 599ms (cache revalidated)
54 silly packumentCache full:https://registry.npmjs.org/typescript set size:15409943 disposed:false
55 silly placeDep ROOT eslint@8.57.1 REPLACE for: infra-forward-portfolio@1.0.0 want: 8.57.1
56 silly placeDep ROOT eslint-config-next@15.5.18 REPLACE for: infra-forward-portfolio@1.0.0 want: 15.5.18
57 silly placeDep ROOT next@15.5.18 REPLACE for: infra-forward-portfolio@1.0.0 want: 15.5.18
58 silly fetch manifest ajv@^6.12.4
59 silly packumentCache full:https://registry.npmjs.org/ajv cache-miss
60 silly fetch manifest espree@^9.6.1
61 silly packumentCache full:https://registry.npmjs.org/espree cache-miss
62 silly fetch manifest ignore@^5.2.0
63 silly packumentCache full:https://registry.npmjs.org/ignore cache-miss
64 silly fetch manifest globals@^13.19.0
65 silly packumentCache full:https://registry.npmjs.org/globals cache-miss
66 silly fetch manifest js-yaml@^4.1.0
67 silly packumentCache full:https://registry.npmjs.org/js-yaml cache-miss
68 silly fetch manifest doctrine@^3.0.0
69 silly packumentCache full:https://registry.npmjs.org/doctrine cache-miss
70 silly fetch manifest graphemer@^1.4.0
71 silly packumentCache full:https://registry.npmjs.org/graphemer cache-miss
72 http fetch GET 200 https://registry.npmjs.org/ignore 346ms (cache revalidated)
73 silly packumentCache full:https://registry.npmjs.org/ignore set size:237380 disposed:false
74 silly fetch manifest @eslint/js@8.57.1
75 silly packumentCache full:https://registry.npmjs.org/@eslint%2fjs cache-miss
76 http fetch GET 200 https://registry.npmjs.org/js-yaml 448ms (cache revalidated)
77 silly packumentCache full:https://registry.npmjs.org/js-yaml set size:152232 disposed:false
78 silly fetch manifest strip-ansi@^6.0.1
79 silly packumentCache full:https://registry.npmjs.org/strip-ansi cache-miss
80 http fetch GET 200 https://registry.npmjs.org/espree 463ms (cache revalidated)
81 silly packumentCache full:https://registry.npmjs.org/espree set size:326080 disposed:false
82 silly fetch manifest text-table@^0.2.0
83 silly packumentCache full:https://registry.npmjs.org/text-table cache-miss
84 http fetch GET 200 https://registry.npmjs.org/ajv 486ms (cache revalidated)
85 silly packumentCache full:https://registry.npmjs.org/ajv set size:1142658 disposed:false
86 silly fetch manifest eslint-scope@^7.2.2
87 silly packumentCache full:https://registry.npmjs.org/eslint-scope cache-miss
88 http fetch GET 200 https://registry.npmjs.org/graphemer 529ms (cache revalidated)
89 silly packumentCache full:https://registry.npmjs.org/graphemer set size:25853 disposed:false
90 silly fetch manifest is-path-inside@^3.0.3
91 silly packumentCache full:https://registry.npmjs.org/is-path-inside cache-miss
92 http fetch GET 200 https://registry.npmjs.org/globals 543ms (cache revalidated)
93 silly packumentCache full:https://registry.npmjs.org/globals set size:315985 disposed:false
94 silly fetch manifest fast-deep-equal@^3.1.3
95 silly packumentCache full:https://registry.npmjs.org/fast-deep-equal cache-miss
96 http fetch GET 200 https://registry.npmjs.org/doctrine 561ms (cache revalidated)
97 silly packumentCache full:https://registry.npmjs.org/doctrine set size:64052 disposed:false
98 silly fetch manifest @eslint/eslintrc@^2.1.4
99 silly packumentCache full:https://registry.npmjs.org/@eslint%2feslintrc cache-miss
100 http fetch GET 200 https://registry.npmjs.org/eslint-scope 799ms (cache revalidated)
101 silly packumentCache full:https://registry.npmjs.org/eslint-scope set size:98867 disposed:false
102 silly fetch manifest file-entry-cache@^6.0.1
103 silly packumentCache full:https://registry.npmjs.org/file-entry-cache cache-miss
104 http fetch GET 200 https://registry.npmjs.org/is-path-inside 788ms (cache revalidated)
105 silly packumentCache full:https://registry.npmjs.org/is-path-inside set size:23585 disposed:false
106 silly fetch manifest @ungap/structured-clone@^1.2.0
107 silly packumentCache full:https://registry.npmjs.org/@ungap%2fstructured-clone cache-miss
108 http fetch GET 200 https://registry.npmjs.org/fast-deep-equal 771ms (cache revalidated)
109 silly packumentCache full:https://registry.npmjs.org/fast-deep-equal set size:48634 disposed:false
110 silly fetch manifest @humanwhocodes/config-array@^0.13.0
111 silly packumentCache full:https://registry.npmjs.org/@humanwhocodes%2fconfig-array cache-miss
112 http fetch GET 200 https://registry.npmjs.org/strip-ansi 883ms (cache revalidated)
113 silly packumentCache full:https://registry.npmjs.org/strip-ansi set size:44998 disposed:false
114 silly fetch manifest @rushstack/eslint-patch@^1.10.3
115 silly packumentCache full:https://registry.npmjs.org/@rushstack%2feslint-patch cache-miss
116 http fetch GET 200 https://registry.npmjs.org/text-table 875ms (cache revalidated)
117 silly packumentCache full:https://registry.npmjs.org/text-table set size:20701 disposed:false
118 silly fetch manifest @next/eslint-plugin-next@15.5.18
119 silly packumentCache full:https://registry.npmjs.org/@next%2feslint-plugin-next cache-miss
120 http fetch GET 200 https://registry.npmjs.org/@eslint%2fjs 998ms (cache revalidated)
121 silly packumentCache full:https://registry.npmjs.org/@eslint%2fjs set size:140022 disposed:false
122 silly fetch manifest @typescript-eslint/parser@^5.4.2 || ^6.0.0 || ^7.0.0 || ^8.0.0
123 silly packumentCache full:https://registry.npmjs.org/@typescript-eslint%2fparser cache-miss
124 http fetch GET 200 https://registry.npmjs.org/@eslint%2feslintrc 892ms (cache revalidated)
125 silly packumentCache full:https://registry.npmjs.org/@eslint%2feslintrc set size:168674 disposed:false
126 silly fetch manifest eslint-plugin-react-hooks@^5.0.0
127 silly packumentCache full:https://registry.npmjs.org/eslint-plugin-react-hooks cache-miss
128 http fetch GET 200 https://registry.npmjs.org/eslint-plugin-react-hooks 423ms (cache revalidated)
129 silly packumentCache full:https://registry.npmjs.org/eslint-plugin-react-hooks set size:7379276 disposed:false
130 silly fetch manifest @typescript-eslint/eslint-plugin@^5.4.2 || ^6.0.0 || ^7.0.0 || ^8.0.0
131 silly packumentCache full:https://registry.npmjs.org/@typescript-eslint%2feslint-plugin cache-miss
132 http fetch GET 200 https://registry.npmjs.org/file-entry-cache 759ms (cache revalidated)
133 silly packumentCache full:https://registry.npmjs.org/file-entry-cache set size:154007 disposed:false
134 silly fetch manifest @next/env@15.5.18
135 silly packumentCache full:https://registry.npmjs.org/@next%2fenv cache-miss
136 http fetch GET 200 https://registry.npmjs.org/@ungap%2fstructured-clone 869ms (cache revalidated)
137 silly packumentCache full:https://registry.npmjs.org/@ungap%2fstructured-clone set size:59405 disposed:false
138 silly fetch manifest @next/swc-darwin-x64@15.5.18
139 silly packumentCache full:https://registry.npmjs.org/@next%2fswc-darwin-x64 cache-miss
140 http fetch GET 200 https://registry.npmjs.org/@rushstack%2feslint-patch 888ms (cache revalidated)
141 silly packumentCache full:https://registry.npmjs.org/@rushstack%2feslint-patch set size:114289 disposed:false
142 silly fetch manifest @next/swc-darwin-arm64@15.5.18
143 silly packumentCache full:https://registry.npmjs.org/@next%2fswc-darwin-arm64 cache-miss
144 http fetch GET 200 https://registry.npmjs.org/@typescript-eslint%2fparser 1281ms (cache revalidated)
145 silly packumentCache full:https://registry.npmjs.org/@typescript-eslint%2fparser set size:15203549 disposed:false
146 silly fetch manifest @next/swc-linux-x64-gnu@15.5.18
147 silly packumentCache full:https://registry.npmjs.org/@next%2fswc-linux-x64-gnu cache-miss
148 http fetch GET 200 https://registry.npmjs.org/@next%2feslint-plugin-next 1593ms (cache revalidated)
149 silly packumentCache full:https://registry.npmjs.org/@next%2feslint-plugin-next set size:6785824 disposed:false
150 silly fetch manifest @next/swc-linux-x64-musl@15.5.18
151 silly packumentCache full:https://registry.npmjs.org/@next%2fswc-linux-x64-musl cache-miss
152 http fetch GET 200 https://registry.npmjs.org/@next%2fswc-darwin-x64 959ms (cache revalidated)
153 silly packumentCache full:https://registry.npmjs.org/@next%2fswc-darwin-x64 set size:5210700 disposed:false
154 silly fetch manifest @next/swc-win32-x64-msvc@15.5.18
155 silly packumentCache full:https://registry.npmjs.org/@next%2fswc-win32-x64-msvc cache-miss
156 http fetch GET 200 https://registry.npmjs.org/@typescript-eslint%2feslint-plugin 1273ms (cache revalidated)
157 silly packumentCache full:https://registry.npmjs.org/@typescript-eslint%2feslint-plugin set size:17949051 disposed:false
158 silly fetch manifest @next/swc-linux-arm64-gnu@15.5.18
159 silly packumentCache full:https://registry.npmjs.org/@next%2fswc-linux-arm64-gnu cache-miss
160 http fetch GET 200 https://registry.npmjs.org/@humanwhocodes%2fconfig-array 2287ms (cache revalidated)
161 silly packumentCache full:https://registry.npmjs.org/@humanwhocodes%2fconfig-array set size:139493 disposed:false
162 silly fetch manifest @next/swc-linux-arm64-musl@15.5.18
163 silly packumentCache full:https://registry.npmjs.org/@next%2fswc-linux-arm64-musl cache-miss
164 http fetch GET 200 https://registry.npmjs.org/@next%2fenv 1602ms (cache revalidated)
165 silly packumentCache full:https://registry.npmjs.org/@next%2fenv set size:7264622 disposed:false
166 silly fetch manifest @next/swc-win32-arm64-msvc@15.5.18
167 silly packumentCache full:https://registry.npmjs.org/@next%2fswc-win32-arm64-msvc cache-miss
168 http fetch GET 200 https://registry.npmjs.org/@next%2fswc-darwin-arm64 1730ms (cache revalidated)
169 silly packumentCache full:https://registry.npmjs.org/@next%2fswc-darwin-arm64 set size:5267636 disposed:false
170 http fetch GET 200 https://registry.npmjs.org/@next%2fswc-linux-x64-gnu 1500ms (cache revalidated)
171 silly packumentCache full:https://registry.npmjs.org/@next%2fswc-linux-x64-gnu set size:5317004 disposed:false
172 http fetch GET 200 https://registry.npmjs.org/@next%2fswc-linux-x64-musl 1576ms (cache revalidated)
173 silly packumentCache full:https://registry.npmjs.org/@next%2fswc-linux-x64-musl set size:5073038 disposed:false
174 http fetch GET 200 https://registry.npmjs.org/@next%2fswc-linux-arm64-gnu 1361ms (cache revalidated)
175 silly packumentCache full:https://registry.npmjs.org/@next%2fswc-linux-arm64-gnu set size:5120246 disposed:false
176 http fetch GET 200 https://registry.npmjs.org/@next%2fswc-win32-arm64-msvc 1141ms (cache revalidated)
177 silly packumentCache full:https://registry.npmjs.org/@next%2fswc-win32-arm64-msvc set size:5102191 disposed:false
178 http fetch GET 200 https://registry.npmjs.org/@next%2fswc-win32-x64-msvc 2007ms (cache revalidated)
179 silly packumentCache full:https://registry.npmjs.org/@next%2fswc-win32-x64-msvc set size:5288898 disposed:false
180 http fetch GET 200 https://registry.npmjs.org/@next%2fswc-linux-arm64-musl 1848ms (cache revalidated)
181 silly packumentCache full:https://registry.npmjs.org/@next%2fswc-linux-arm64-musl set size:5138159 disposed:false
182 silly fetch manifest @emnapi/runtime@^1.7.0
183 silly packumentCache full:https://registry.npmjs.org/@emnapi%2fruntime cache-miss
184 http fetch GET 200 https://registry.npmjs.org/@emnapi%2fruntime 1331ms (cache revalidated)
185 silly packumentCache full:https://registry.npmjs.org/@emnapi%2fruntime set size:109985 disposed:false
186 silly placeDep ROOT @emnapi/runtime@1.10.0 OK for: @img/sharp-wasm32@0.34.5 want: ^1.7.0
187 silly fetch manifest @emnapi/core@^1.7.1
188 silly packumentCache full:https://registry.npmjs.org/@emnapi%2fcore cache-miss
189 http fetch GET 200 https://registry.npmjs.org/@emnapi%2fcore 791ms (cache revalidated)
190 silly packumentCache full:https://registry.npmjs.org/@emnapi%2fcore set size:108001 disposed:false
191 silly placeDep ROOT @emnapi/core@1.10.0 OK for: @napi-rs/wasm-runtime@1.1.4 want: ^1.7.1
192 silly placeDep ROOT @eslint/eslintrc@2.1.4 OK for: eslint@8.57.1 want: ^2.1.4
193 silly placeDep ROOT @eslint/js@8.57.1 OK for: eslint@8.57.1 want: 8.57.1
194 silly placeDep ROOT @humanwhocodes/config-array@0.13.0 OK for: eslint@8.57.1 want: ^0.13.0
195 silly placeDep ROOT @ungap/structured-clone@1.3.1 OK for: eslint@8.57.1 want: ^1.2.0
196 silly placeDep ROOT ajv@6.15.0 OK for: eslint@8.57.1 want: ^6.12.4
197 silly placeDep node_modules/eslint doctrine@3.0.0 OK for: eslint@8.57.1 want: ^3.0.0
198 silly placeDep ROOT eslint-scope@7.2.2 OK for: eslint@8.57.1 want: ^7.2.2
199 silly placeDep ROOT espree@9.6.1 OK for: eslint@8.57.1 want: ^9.6.1
200 silly placeDep ROOT fast-deep-equal@3.1.3 OK for: eslint@8.57.1 want: ^3.1.3
201 silly placeDep ROOT file-entry-cache@6.0.1 OK for: eslint@8.57.1 want: ^6.0.1
202 silly placeDep ROOT globals@13.24.0 OK for: eslint@8.57.1 want: ^13.19.0
203 silly placeDep ROOT graphemer@1.4.0 OK for: eslint@8.57.1 want: ^1.4.0
204 silly placeDep ROOT ignore@5.3.2 OK for: eslint@8.57.1 want: ^5.2.0
205 silly placeDep ROOT is-path-inside@3.0.3 OK for: eslint@8.57.1 want: ^3.0.3
206 silly placeDep ROOT js-yaml@4.1.1 OK for: eslint@8.57.1 want: ^4.1.0
207 silly placeDep ROOT strip-ansi@6.0.1 OK for: eslint@8.57.1 want: ^6.0.1
208 silly placeDep ROOT text-table@0.2.0 OK for: eslint@8.57.1 want: ^0.2.0
209 silly fetch manifest espree@^9.6.0
210 silly packumentCache full:https://registry.npmjs.org/espree cache-hit
211 silly fetch manifest minimatch@^3.1.2
212 silly packumentCache full:https://registry.npmjs.org/minimatch cache-miss
213 silly fetch manifest import-fresh@^3.2.1
214 silly packumentCache full:https://registry.npmjs.org/import-fresh cache-miss
215 silly fetch manifest strip-json-comments@^3.1.1
216 silly packumentCache full:https://registry.npmjs.org/strip-json-comments cache-miss
217 silly fetch manifest minimatch@^3.0.5
218 silly packumentCache full:https://registry.npmjs.org/minimatch cache-miss
219 silly fetch manifest @humanwhocodes/object-schema@^2.0.3
220 silly packumentCache full:https://registry.npmjs.org/@humanwhocodes%2fobject-schema cache-miss
221 silly fetch manifest uri-js@^4.2.2
222 silly packumentCache full:https://registry.npmjs.org/uri-js cache-miss
223 silly fetch manifest fast-deep-equal@^3.1.1
224 silly packumentCache full:https://registry.npmjs.org/fast-deep-equal cache-hit
225 silly fetch manifest json-schema-traverse@^0.4.1
226 silly packumentCache full:https://registry.npmjs.org/json-schema-traverse cache-miss
227 http fetch GET 200 https://registry.npmjs.org/minimatch 372ms (cache revalidated)
228 silly packumentCache full:https://registry.npmjs.org/minimatch set size:375282 disposed:false
229 silly fetch manifest fast-json-stable-stringify@^2.0.0
230 silly packumentCache full:https://registry.npmjs.org/fast-json-stable-stringify cache-miss
231 http fetch GET 200 https://registry.npmjs.org/minimatch 399ms (cache revalidated)
232 silly packumentCache full:https://registry.npmjs.org/minimatch set size:375282 disposed:false
233 silly packumentCache full:https://registry.npmjs.org/minimatch dispose
234 silly fetch manifest esrecurse@^4.3.0
235 silly packumentCache full:https://registry.npmjs.org/esrecurse cache-miss
236 http fetch GET 200 https://registry.npmjs.org/uri-js 418ms (cache revalidated)
237 silly packumentCache full:https://registry.npmjs.org/uri-js set size:42559 disposed:false
238 silly fetch manifest acorn@^8.9.0
239 silly packumentCache full:https://registry.npmjs.org/acorn cache-miss
240 http fetch GET 200 https://registry.npmjs.org/json-schema-traverse 417ms (cache revalidated)
241 silly packumentCache full:https://registry.npmjs.org/json-schema-traverse set size:23537 disposed:false
242 silly fetch manifest acorn-jsx@^5.3.2
243 silly packumentCache full:https://registry.npmjs.org/acorn-jsx cache-miss
244 http fetch GET 200 https://registry.npmjs.org/strip-json-comments 435ms (cache revalidated)
245 silly packumentCache full:https://registry.npmjs.org/strip-json-comments set size:43569 disposed:false
246 silly fetch manifest flat-cache@^3.0.4
247 silly packumentCache full:https://registry.npmjs.org/flat-cache cache-miss
248 http fetch GET 200 https://registry.npmjs.org/import-fresh 667ms (cache revalidated)
249 silly packumentCache full:https://registry.npmjs.org/import-fresh set size:24604 disposed:false
250 silly fetch manifest type-fest@^0.20.2
251 silly packumentCache full:https://registry.npmjs.org/type-fest cache-miss
252 http fetch GET 200 https://registry.npmjs.org/fast-json-stable-stringify 377ms (cache revalidated)
253 silly packumentCache full:https://registry.npmjs.org/fast-json-stable-stringify set size:11337 disposed:false
254 silly fetch manifest argparse@^2.0.1
255 silly packumentCache full:https://registry.npmjs.org/argparse cache-miss
256 http fetch GET 200 https://registry.npmjs.org/esrecurse 364ms (cache revalidated)
257 silly packumentCache full:https://registry.npmjs.org/esrecurse set size:29005 disposed:false
258 silly fetch manifest ansi-regex@^5.0.1
259 silly packumentCache full:https://registry.npmjs.org/ansi-regex cache-miss
260 http fetch GET 200 https://registry.npmjs.org/acorn-jsx 366ms (cache revalidated)
261 silly packumentCache full:https://registry.npmjs.org/acorn-jsx set size:71068 disposed:false
262 http fetch GET 200 https://registry.npmjs.org/flat-cache 360ms (cache revalidated)
263 silly packumentCache full:https://registry.npmjs.org/flat-cache set size:169582 disposed:false
264 http fetch GET 200 https://registry.npmjs.org/type-fest 306ms (cache revalidated)
265 silly packumentCache full:https://registry.npmjs.org/type-fest set size:560517 disposed:false
266 http fetch GET 200 https://registry.npmjs.org/acorn 638ms (cache revalidated)
267 silly packumentCache full:https://registry.npmjs.org/acorn set size:379626 disposed:false
268 http fetch GET 200 https://registry.npmjs.org/ansi-regex 316ms (cache revalidated)
269 silly packumentCache full:https://registry.npmjs.org/ansi-regex set size:43572 disposed:false
270 http fetch GET 200 https://registry.npmjs.org/argparse 637ms (cache revalidated)
271 silly packumentCache full:https://registry.npmjs.org/argparse set size:49266 disposed:false
272 http fetch GET 200 https://registry.npmjs.org/@humanwhocodes%2fobject-schema 1550ms (cache revalidated)
273 silly packumentCache full:https://registry.npmjs.org/@humanwhocodes%2fobject-schema set size:30629 disposed:false
274 silly placeDep ROOT import-fresh@3.3.1 OK for: @eslint/eslintrc@2.1.4 want: ^3.2.1
275 silly placeDep ROOT minimatch@3.1.5 OK for: @eslint/eslintrc@2.1.4 want: ^3.1.2
276 silly placeDep ROOT strip-json-comments@3.1.1 OK for: @eslint/eslintrc@2.1.4 want: ^3.1.1
277 silly fetch manifest resolve-from@^4.0.0
278 silly packumentCache full:https://registry.npmjs.org/resolve-from cache-miss
279 silly fetch manifest parent-module@^1.0.0
280 silly packumentCache full:https://registry.npmjs.org/parent-module cache-miss
281 silly fetch manifest brace-expansion@^1.1.7
282 silly packumentCache full:https://registry.npmjs.org/brace-expansion cache-miss
283 http fetch GET 200 https://registry.npmjs.org/parent-module 391ms (cache revalidated)
284 silly packumentCache full:https://registry.npmjs.org/parent-module set size:18255 disposed:false
285 http fetch GET 200 https://registry.npmjs.org/resolve-from 394ms (cache revalidated)
286 silly packumentCache full:https://registry.npmjs.org/resolve-from set size:12911 disposed:false
287 http fetch GET 200 https://registry.npmjs.org/brace-expansion 453ms (cache revalidated)
288 silly packumentCache full:https://registry.npmjs.org/brace-expansion set size:72152 disposed:false
289 silly placeDep ROOT @humanwhocodes/object-schema@2.0.3 OK for: @humanwhocodes/config-array@0.13.0 want: ^2.0.3
290 silly placeDep ROOT fast-json-stable-stringify@2.1.0 OK for: ajv@6.15.0 want: ^2.0.0
291 silly placeDep ROOT json-schema-traverse@0.4.1 OK for: ajv@6.15.0 want: ^0.4.1
292 silly placeDep ROOT uri-js@4.4.1 OK for: ajv@6.15.0 want: ^4.2.2
293 silly fetch manifest punycode@^2.1.0
294 silly packumentCache full:https://registry.npmjs.org/punycode cache-miss
295 http fetch GET 200 https://registry.npmjs.org/punycode 305ms (cache revalidated)
296 silly packumentCache full:https://registry.npmjs.org/punycode set size:61278 disposed:false
297 silly fetch manifest eslint@^7.23.0 || ^8.0.0 || ^9.0.0
298 silly packumentCache full:https://registry.npmjs.org/eslint cache-miss
299 http cache https://registry.npmjs.org/eslint 21ms (cache hit)
300 silly packumentCache full:https://registry.npmjs.org/eslint set size:1997485 disposed:false
301 silly fetch manifest jiti@*
302 silly packumentCache full:https://registry.npmjs.org/jiti cache-miss
303 http fetch GET 200 https://registry.npmjs.org/jiti 336ms (cache revalidated)
304 silly packumentCache full:https://registry.npmjs.org/jiti set size:387989 disposed:false
305 silly fetch manifest typescript@>=3.3.1
306 silly packumentCache full:https://registry.npmjs.org/typescript cache-miss
307 http cache https://registry.npmjs.org/typescript 81ms (cache hit)
308 silly packumentCache full:https://registry.npmjs.org/typescript set size:15409943 disposed:false
309 silly placeDep ROOT @next/eslint-plugin-next@15.5.18 OK for: eslint-config-next@15.5.18 want: 15.5.18
310 silly placeDep ROOT @rushstack/eslint-patch@1.16.1 OK for: eslint-config-next@15.5.18 want: ^1.10.3
311 silly placeDep ROOT @typescript-eslint/eslint-plugin@8.60.0 OK for: eslint-config-next@15.5.18 want: ^5.4.2 || ^6.0.0 || ^7.0.0 || ^8.0.0
312 silly placeDep ROOT @typescript-eslint/parser@8.60.0 OK for: @typescript-eslint/eslint-plugin@8.60.0 want: ^8.60.0
313 silly placeDep ROOT eslint-plugin-react-hooks@5.2.0 OK for: eslint-config-next@15.5.18 want: ^5.0.0
314 silly fetch manifest fast-glob@3.3.1
315 silly packumentCache full:https://registry.npmjs.org/fast-glob cache-miss
316 silly fetch manifest ignore@^7.0.5
317 silly packumentCache full:https://registry.npmjs.org/ignore cache-hit
318 silly fetch manifest ts-api-utils@^2.5.0
319 silly packumentCache full:https://registry.npmjs.org/ts-api-utils cache-miss
320 silly fetch manifest @typescript-eslint/utils@8.60.0
321 silly packumentCache full:https://registry.npmjs.org/@typescript-eslint%2futils cache-miss
322 silly fetch manifest @typescript-eslint/type-utils@8.60.0
323 silly packumentCache full:https://registry.npmjs.org/@typescript-eslint%2ftype-utils cache-miss
324 silly fetch manifest @typescript-eslint/visitor-keys@8.60.0
325 silly packumentCache full:https://registry.npmjs.org/@typescript-eslint%2fvisitor-keys cache-miss
326 silly fetch manifest @typescript-eslint/scope-manager@8.60.0
327 silly packumentCache full:https://registry.npmjs.org/@typescript-eslint%2fscope-manager cache-miss
328 silly fetch manifest @typescript-eslint/types@8.60.0
329 silly packumentCache full:https://registry.npmjs.org/@typescript-eslint%2ftypes cache-miss
330 http fetch GET 200 https://registry.npmjs.org/ts-api-utils 369ms (cache revalidated)
331 silly packumentCache full:https://registry.npmjs.org/ts-api-utils set size:226785 disposed:false
332 silly fetch manifest @typescript-eslint/visitor-keys@8.60.0
333 silly packumentCache full:https://registry.npmjs.org/@typescript-eslint%2fvisitor-keys cache-miss
334 http fetch GET 200 https://registry.npmjs.org/fast-glob 383ms (cache revalidated)
335 silly packumentCache full:https://registry.npmjs.org/fast-glob set size:220556 disposed:false
336 silly fetch manifest @typescript-eslint/scope-manager@8.60.0
337 silly packumentCache full:https://registry.npmjs.org/@typescript-eslint%2fscope-manager cache-miss
338 http fetch GET 200 https://registry.npmjs.org/@typescript-eslint%2ftype-utils 886ms (cache revalidated)
339 silly packumentCache full:https://registry.npmjs.org/@typescript-eslint%2ftype-utils set size:9326175 disposed:false
340 silly fetch manifest @typescript-eslint/typescript-estree@8.60.0
341 silly packumentCache full:https://registry.npmjs.org/@typescript-eslint%2ftypescript-estree cache-miss
342 http fetch GET 200 https://registry.npmjs.org/@typescript-eslint%2ftypes 1032ms (cache revalidated)
343 silly packumentCache full:https://registry.npmjs.org/@typescript-eslint%2ftypes set size:12263194 disposed:false
344 http fetch GET 200 https://registry.npmjs.org/@typescript-eslint%2fscope-manager 898ms (cache revalidated)
345 silly packumentCache full:https://registry.npmjs.org/@typescript-eslint%2fscope-manager set size:12450473 disposed:false
346 http fetch GET 200 https://registry.npmjs.org/@typescript-eslint%2fscope-manager 1508ms (cache revalidated)
347 silly packumentCache full:https://registry.npmjs.org/@typescript-eslint%2fscope-manager set size:12450473 disposed:false
348 http fetch GET 200 https://registry.npmjs.org/@typescript-eslint%2fvisitor-keys 1794ms (cache revalidated)
349 silly packumentCache full:https://registry.npmjs.org/@typescript-eslint%2fvisitor-keys set size:11851733 disposed:false
350 http fetch GET 200 https://registry.npmjs.org/@typescript-eslint%2fvisitor-keys 1640ms (cache revalidated)
351 silly packumentCache full:https://registry.npmjs.org/@typescript-eslint%2fvisitor-keys set size:11851733 disposed:false
352 http fetch GET 200 https://registry.npmjs.org/@typescript-eslint%2futils 2250ms (cache revalidated)
353 silly packumentCache full:https://registry.npmjs.org/@typescript-eslint%2futils set size:10163394 disposed:false
354 http fetch GET 200 https://registry.npmjs.org/@typescript-eslint%2ftypescript-estree 2461ms (cache revalidated)
355 silly packumentCache full:https://registry.npmjs.org/@typescript-eslint%2ftypescript-estree set size:16406445 disposed:false
356 silly placeDep ROOT fast-glob@3.3.1 OK for: @next/eslint-plugin-next@15.5.18 want: 3.3.1
357 silly fetch manifest glob-parent@^5.1.2
358 silly packumentCache full:https://registry.npmjs.org/glob-parent cache-miss
359 http fetch GET 200 https://registry.npmjs.org/glob-parent 291ms (cache revalidated)
360 silly packumentCache full:https://registry.npmjs.org/glob-parent set size:42445 disposed:false
361 silly fetch manifest typescript@>=4.8.4 <6.1.0
362 silly packumentCache full:https://registry.npmjs.org/typescript cache-miss
363 http cache https://registry.npmjs.org/typescript 91ms (cache hit)
364 silly packumentCache full:https://registry.npmjs.org/typescript set size:15409943 disposed:false
365 silly fetch manifest eslint@^8.57.0 || ^9.0.0 || ^10.0.0
366 silly packumentCache full:https://registry.npmjs.org/eslint cache-miss
367 http cache https://registry.npmjs.org/eslint 18ms (cache hit)
368 silly packumentCache full:https://registry.npmjs.org/eslint set size:1997485 disposed:false
369 silly placeDep ROOT @typescript-eslint/scope-manager@8.60.0 OK for: @typescript-eslint/eslint-plugin@8.60.0 want: 8.60.0
370 silly placeDep ROOT @typescript-eslint/type-utils@8.60.0 OK for: @typescript-eslint/eslint-plugin@8.60.0 want: 8.60.0
371 silly placeDep ROOT @typescript-eslint/utils@8.60.0 OK for: @typescript-eslint/eslint-plugin@8.60.0 want: 8.60.0
372 silly placeDep ROOT @typescript-eslint/visitor-keys@8.60.0 OK for: @typescript-eslint/eslint-plugin@8.60.0 want: 8.60.0
373 silly placeDep node_modules/@typescript-eslint/eslint-plugin ignore@7.0.5 OK for: @typescript-eslint/eslint-plugin@8.60.0 want: ^7.0.5
374 silly placeDep ROOT ts-api-utils@2.5.0 OK for: @typescript-eslint/eslint-plugin@8.60.0 want: ^2.5.0
375 silly fetch manifest eslint-visitor-keys@^5.0.0
376 silly packumentCache full:https://registry.npmjs.org/eslint-visitor-keys cache-miss
377 http fetch GET 200 https://registry.npmjs.org/eslint-visitor-keys 478ms (cache revalidated)
378 silly packumentCache full:https://registry.npmjs.org/eslint-visitor-keys set size:69949 disposed:false
379 silly placeDep ROOT @typescript-eslint/types@8.60.0 OK for: @typescript-eslint/parser@8.60.0 want: 8.60.0
380 silly placeDep ROOT @typescript-eslint/typescript-estree@8.60.0 OK for: @typescript-eslint/parser@8.60.0 want: 8.60.0
381 silly fetch manifest minimatch@^10.2.2
382 silly packumentCache full:https://registry.npmjs.org/minimatch cache-hit
383 silly fetch manifest @typescript-eslint/tsconfig-utils@8.60.0
384 silly packumentCache full:https://registry.npmjs.org/@typescript-eslint%2ftsconfig-utils cache-miss
385 silly fetch manifest @typescript-eslint/project-service@8.60.0
386 silly packumentCache full:https://registry.npmjs.org/@typescript-eslint%2fproject-service cache-miss
387 http fetch GET 200 https://registry.npmjs.org/@typescript-eslint%2fproject-service 965ms (cache revalidated)
388 silly packumentCache full:https://registry.npmjs.org/@typescript-eslint%2fproject-service set size:1341390 disposed:false
389 http fetch GET 200 https://registry.npmjs.org/@typescript-eslint%2ftsconfig-utils 1005ms (cache revalidated)
390 silly packumentCache full:https://registry.npmjs.org/@typescript-eslint%2ftsconfig-utils set size:1262812 disposed:false
391 silly placeDep ROOT @typescript-eslint/project-service@8.60.0 OK for: @typescript-eslint/typescript-estree@8.60.0 want: 8.60.0
392 silly placeDep ROOT @typescript-eslint/tsconfig-utils@8.60.0 OK for: @typescript-eslint/typescript-estree@8.60.0 want: 8.60.0
393 silly placeDep node_modules/@typescript-eslint/typescript-estree minimatch@10.2.5 OK for: @typescript-eslint/typescript-estree@8.60.0 want: ^10.2.2
394 silly fetch manifest @typescript-eslint/tsconfig-utils@^8.60.0
395 silly packumentCache full:https://registry.npmjs.org/@typescript-eslint%2ftsconfig-utils cache-miss
396 silly fetch manifest brace-expansion@^5.0.5
397 silly packumentCache full:https://registry.npmjs.org/brace-expansion cache-hit
398 http cache https://registry.npmjs.org/@typescript-eslint%2ftsconfig-utils 233ms (cache hit)
399 silly packumentCache full:https://registry.npmjs.org/@typescript-eslint%2ftsconfig-utils set size:1262812 disposed:false
400 silly placeDep node_modules/@typescript-eslint/visitor-keys eslint-visitor-keys@5.0.1 OK for: @typescript-eslint/visitor-keys@8.60.0 want: ^5.0.0
401 silly placeDep ROOT esrecurse@4.3.0 OK for: eslint-scope@7.2.2 want: ^4.3.0
402 silly placeDep ROOT acorn@8.16.0 OK for: espree@9.6.1 want: ^8.9.0
403 silly placeDep ROOT acorn-jsx@5.3.2 OK for: espree@9.6.1 want: ^5.3.2
404 silly placeDep node_modules/fast-glob glob-parent@5.1.2 OK for: fast-glob@3.3.1 want: ^5.1.2
405 silly placeDep ROOT flat-cache@3.2.0 OK for: file-entry-cache@6.0.1 want: ^3.0.4
406 silly fetch manifest keyv@^4.5.3
407 silly packumentCache full:https://registry.npmjs.org/keyv cache-miss
408 silly fetch manifest rimraf@^3.0.2
409 silly packumentCache full:https://registry.npmjs.org/rimraf cache-miss
410 silly fetch manifest flatted@^3.2.9
411 silly packumentCache full:https://registry.npmjs.org/flatted cache-miss
412 http fetch GET 200 https://registry.npmjs.org/keyv 403ms (cache revalidated)
413 silly packumentCache full:https://registry.npmjs.org/keyv set size:215840 disposed:false
414 http fetch GET 200 https://registry.npmjs.org/rimraf 448ms (cache revalidated)
415 silly packumentCache full:https://registry.npmjs.org/rimraf set size:212626 disposed:false
416 http fetch GET 200 https://registry.npmjs.org/flatted 465ms (cache revalidated)
417 silly packumentCache full:https://registry.npmjs.org/flatted set size:137347 disposed:false
418 silly placeDep ROOT flatted@3.4.2 OK for: flat-cache@3.2.0 want: ^3.2.9
419 silly placeDep ROOT keyv@4.5.4 OK for: flat-cache@3.2.0 want: ^4.5.3
420 silly placeDep ROOT rimraf@3.0.2 OK for: flat-cache@3.2.0 want: ^3.0.2
421 silly fetch manifest json-buffer@3.0.1
422 silly packumentCache full:https://registry.npmjs.org/json-buffer cache-miss
423 silly fetch manifest glob@^7.1.3
424 silly packumentCache full:https://registry.npmjs.org/glob cache-miss
425 http fetch GET 200 https://registry.npmjs.org/json-buffer 314ms (cache revalidated)
426 silly packumentCache full:https://registry.npmjs.org/json-buffer set size:23474 disposed:false
427 http fetch GET 200 https://registry.npmjs.org/glob 331ms (cache revalidated)
428 silly packumentCache full:https://registry.npmjs.org/glob set size:469465 disposed:false
429 silly placeDep ROOT type-fest@0.20.2 OK for: globals@13.24.0 want: ^0.20.2
430 silly placeDep ROOT parent-module@1.0.1 OK for: import-fresh@3.3.1 want: ^1.0.0
431 silly placeDep ROOT resolve-from@4.0.0 OK for: import-fresh@3.3.1 want: ^4.0.0
432 silly fetch manifest callsites@^3.0.0
433 silly packumentCache full:https://registry.npmjs.org/callsites cache-miss
434 http fetch GET 200 https://registry.npmjs.org/callsites 298ms (cache revalidated)
435 silly packumentCache full:https://registry.npmjs.org/callsites set size:21349 disposed:false
436 silly placeDep ROOT argparse@2.0.1 OK for: js-yaml@4.1.1 want: ^2.0.1
437 silly placeDep ROOT json-buffer@3.0.1 OK for: keyv@4.5.4 want: 3.0.1
438 silly placeDep ROOT brace-expansion@1.1.15 OK for: minimatch@3.1.5 want: ^1.1.7
439 silly fetch manifest balanced-match@^1.0.0
440 silly packumentCache full:https://registry.npmjs.org/balanced-match cache-miss
441 silly fetch manifest concat-map@0.0.1
442 silly packumentCache full:https://registry.npmjs.org/concat-map cache-miss
443 http fetch GET 200 https://registry.npmjs.org/concat-map 296ms (cache revalidated)
444 silly packumentCache full:https://registry.npmjs.org/concat-map set size:9290 disposed:false
445 http fetch GET 200 https://registry.npmjs.org/balanced-match 547ms (cache revalidated)
446 silly packumentCache full:https://registry.npmjs.org/balanced-match set size:39082 disposed:false
447 silly placeDep ROOT balanced-match@1.0.2 OK for: brace-expansion@1.1.15 want: ^1.0.0
448 silly placeDep ROOT concat-map@0.0.1 OK for: brace-expansion@1.1.15 want: 0.0.1
449 silly placeDep ROOT @next/env@15.5.18 OK for: next@15.5.18 want: 15.5.18
450 silly placeDep ROOT @next/swc-darwin-arm64@15.5.18 OK for: next@15.5.18 want: 15.5.18
451 silly placeDep ROOT @next/swc-darwin-x64@15.5.18 OK for: next@15.5.18 want: 15.5.18
452 silly placeDep ROOT @next/swc-linux-arm64-gnu@15.5.18 OK for: next@15.5.18 want: 15.5.18
453 silly placeDep ROOT @next/swc-linux-arm64-musl@15.5.18 OK for: next@15.5.18 want: 15.5.18
454 silly placeDep ROOT @next/swc-linux-x64-gnu@15.5.18 OK for: next@15.5.18 want: 15.5.18
455 silly placeDep ROOT @next/swc-linux-x64-musl@15.5.18 OK for: next@15.5.18 want: 15.5.18
456 silly placeDep ROOT @next/swc-win32-arm64-msvc@15.5.18 OK for: next@15.5.18 want: 15.5.18
457 silly placeDep ROOT @next/swc-win32-x64-msvc@15.5.18 OK for: next@15.5.18 want: 15.5.18
458 silly placeDep ROOT callsites@3.1.0 OK for: parent-module@1.0.1 want: ^3.0.0
459 silly placeDep ROOT glob@7.2.3 OK for: rimraf@3.0.2 want: ^7.1.3
460 silly fetch manifest once@^1.3.0
461 silly packumentCache full:https://registry.npmjs.org/once cache-miss
462 silly fetch manifest inflight@^1.0.4
463 silly packumentCache full:https://registry.npmjs.org/inflight cache-miss
464 silly fetch manifest inherits@2
465 silly packumentCache full:https://registry.npmjs.org/inherits cache-miss
466 silly fetch manifest fs.realpath@^1.0.0
467 silly packumentCache full:https://registry.npmjs.org/fs.realpath cache-miss
468 silly fetch manifest path-is-absolute@^1.0.0
469 silly packumentCache full:https://registry.npmjs.org/path-is-absolute cache-miss
470 http fetch GET 200 https://registry.npmjs.org/inflight 367ms (cache revalidated)
471 silly packumentCache full:https://registry.npmjs.org/inflight set size:13140 disposed:false
472 http fetch GET 200 https://registry.npmjs.org/fs.realpath 377ms (cache revalidated)
473 silly packumentCache full:https://registry.npmjs.org/fs.realpath set size:4806 disposed:false
474 http fetch GET 200 https://registry.npmjs.org/once 383ms (cache revalidated)
475 silly packumentCache full:https://registry.npmjs.org/once set size:11752 disposed:false
476 http fetch GET 200 https://registry.npmjs.org/inherits 383ms (cache revalidated)
477 silly packumentCache full:https://registry.npmjs.org/inherits set size:12925 disposed:false
478 http fetch GET 200 https://registry.npmjs.org/path-is-absolute 390ms (cache revalidated)
479 silly packumentCache full:https://registry.npmjs.org/path-is-absolute set size:8253 disposed:false
480 silly placeDep ROOT fs.realpath@1.0.0 OK for: glob@7.2.3 want: ^1.0.0
481 silly placeDep ROOT inflight@1.0.6 OK for: glob@7.2.3 want: ^1.0.4
482 silly placeDep ROOT inherits@2.0.4 OK for: glob@7.2.3 want: 2
483 silly placeDep ROOT once@1.4.0 OK for: glob@7.2.3 want: ^1.3.0
484 silly placeDep ROOT path-is-absolute@1.0.1 OK for: glob@7.2.3 want: ^1.0.0
485 silly fetch manifest wrappy@1
486 silly packumentCache full:https://registry.npmjs.org/wrappy cache-miss
487 silly fetch manifest wrappy@1
488 silly packumentCache full:https://registry.npmjs.org/wrappy cache-miss
489 http fetch GET 200 https://registry.npmjs.org/wrappy 338ms (cache revalidated)
490 silly packumentCache full:https://registry.npmjs.org/wrappy set size:7682 disposed:false
491 http fetch GET 200 https://registry.npmjs.org/wrappy 342ms (cache revalidated)
492 silly packumentCache full:https://registry.npmjs.org/wrappy set size:7682 disposed:false
493 silly packumentCache full:https://registry.npmjs.org/wrappy dispose
494 silly placeDep ROOT wrappy@1.0.2 OK for: inflight@1.0.6 want: 1
495 silly placeDep ROOT ansi-regex@5.0.1 OK for: strip-ansi@6.0.1 want: ^5.0.1
496 silly placeDep ROOT punycode@2.3.1 OK for: uri-js@4.4.1 want: ^2.1.0
497 silly placeDep node_modules/@typescript-eslint/typescript-estree brace-expansion@5.0.6 OK for: minimatch@10.2.5 want: ^5.0.5
498 silly fetch manifest balanced-match@^4.0.2
499 silly packumentCache full:https://registry.npmjs.org/balanced-match cache-hit
500 silly placeDep node_modules/@typescript-eslint/typescript-estree balanced-match@4.0.4 OK for: brace-expansion@5.0.6 want: ^4.0.2
501 silly reify mark retired [ 'A:\\portfolio\\node_modules\\@babel\\code-frame' ]
502 silly reify mark retired [ 'A:\\portfolio\\node_modules\\@babel\\compat-data' ]
503 silly reify mark retired [ 'A:\\portfolio\\node_modules\\@babel\\core' ]
504 silly reify mark retired [ 'A:\\portfolio\\node_modules\\@babel\\generator' ]
505 silly reify mark retired [ 'A:\\portfolio\\node_modules\\@babel\\helper-compilation-targets' ]
506 silly reify mark retired [ 'A:\\portfolio\\node_modules\\@babel\\helper-globals' ]
507 silly reify mark retired [ 'A:\\portfolio\\node_modules\\@babel\\helper-module-imports' ]
508 silly reify mark retired [ 'A:\\portfolio\\node_modules\\@babel\\helper-module-transforms' ]
509 silly reify mark retired [ 'A:\\portfolio\\node_modules\\@babel\\helper-string-parser' ]
510 silly reify mark retired [ 'A:\\portfolio\\node_modules\\@babel\\helper-validator-identifier' ]
511 silly reify mark retired [ 'A:\\portfolio\\node_modules\\@babel\\helper-validator-option' ]
512 silly reify mark retired [ 'A:\\portfolio\\node_modules\\@babel\\helpers' ]
513 silly reify mark retired [
513 silly reify   'A:\\portfolio\\node_modules\\@babel\\parser',
513 silly reify   'A:\\portfolio\\node_modules\\.bin\\parser',
513 silly reify   'A:\\portfolio\\node_modules\\.bin\\parser.cmd',
513 silly reify   'A:\\portfolio\\node_modules\\.bin\\parser.ps1'
513 silly reify ]
514 silly reify mark retired [ 'A:\\portfolio\\node_modules\\@babel\\template' ]
515 silly reify mark retired [ 'A:\\portfolio\\node_modules\\@babel\\traverse' ]
516 silly reify mark retired [ 'A:\\portfolio\\node_modules\\@babel\\types' ]
517 silly reify mark retired [ 'A:\\portfolio\\node_modules\\@eslint\\config-array' ]
518 silly reify mark retired [ 'A:\\portfolio\\node_modules\\@eslint\\config-helpers' ]
519 silly reify mark retired [ 'A:\\portfolio\\node_modules\\@eslint\\core' ]
520 silly reify mark retired [ 'A:\\portfolio\\node_modules\\@eslint\\eslintrc' ]
521 silly reify mark retired [ 'A:\\portfolio\\node_modules\\@eslint\\js' ]
522 silly reify mark retired [ 'A:\\portfolio\\node_modules\\@eslint\\object-schema' ]
523 silly reify mark retired [ 'A:\\portfolio\\node_modules\\@eslint\\plugin-kit' ]
524 silly reify mark retired [ 'A:\\portfolio\\node_modules\\@humanfs\\core' ]
525 silly reify mark retired [ 'A:\\portfolio\\node_modules\\@humanfs\\node' ]
526 silly reify mark retired [ 'A:\\portfolio\\node_modules\\@humanfs\\types' ]
527 silly reify mark retired [ 'A:\\portfolio\\node_modules\\@humanwhocodes\\retry' ]
528 silly reify mark retired [ 'A:\\portfolio\\node_modules\\@jridgewell\\remapping' ]
529 silly reify mark retired [ 'A:\\portfolio\\node_modules\\@next\\env' ]
530 silly reify mark retired [ 'A:\\portfolio\\node_modules\\@next\\eslint-plugin-next' ]
531 silly reify mark retired [ 'A:\\portfolio\\node_modules\\@next\\swc-darwin-arm64' ]
532 silly reify mark retired [ 'A:\\portfolio\\node_modules\\@next\\swc-darwin-x64' ]
533 silly reify mark retired [ 'A:\\portfolio\\node_modules\\@next\\swc-linux-arm64-gnu' ]
534 silly reify mark retired [ 'A:\\portfolio\\node_modules\\@next\\swc-linux-arm64-musl' ]
535 silly reify mark retired [ 'A:\\portfolio\\node_modules\\@next\\swc-linux-x64-gnu' ]
536 silly reify mark retired [ 'A:\\portfolio\\node_modules\\@next\\swc-linux-x64-musl' ]
537 silly reify mark retired [ 'A:\\portfolio\\node_modules\\@next\\swc-win32-arm64-msvc' ]
538 silly reify mark retired [ 'A:\\portfolio\\node_modules\\@next\\swc-win32-x64-msvc' ]
539 silly reify mark retired [ 'A:\\portfolio\\node_modules\\@types\\estree' ]
540 silly reify mark retired [ 'A:\\portfolio\\node_modules\\@types\\json-schema' ]
541 silly reify mark retired [ 'A:\\portfolio\\node_modules\\balanced-match' ]
542 silly reify mark retired [ 'A:\\portfolio\\node_modules\\brace-expansion' ]
543 silly reify mark retired [ 'A:\\portfolio\\node_modules\\convert-source-map' ]
544 silly reify mark retired [
544 silly reify   'A:\\portfolio\\node_modules\\eslint',
544 silly reify   'A:\\portfolio\\node_modules\\.bin\\eslint',
544 silly reify   'A:\\portfolio\\node_modules\\.bin\\eslint.cmd',
544 silly reify   'A:\\portfolio\\node_modules\\.bin\\eslint.ps1'
544 silly reify ]
545 silly reify mark retired [ 'A:\\portfolio\\node_modules\\eslint-config-next' ]
546 silly reify mark retired [ 'A:\\portfolio\\node_modules\\eslint-plugin-react-hooks' ]
547 silly reify mark retired [ 'A:\\portfolio\\node_modules\\eslint-scope' ]
548 silly reify mark retired [ 'A:\\portfolio\\node_modules\\espree' ]
549 silly reify mark retired [ 'A:\\portfolio\\node_modules\\file-entry-cache' ]
550 silly reify mark retired [ 'A:\\portfolio\\node_modules\\flat-cache' ]
551 silly reify mark retired [ 'A:\\portfolio\\node_modules\\gensync' ]
552 silly reify mark retired [ 'A:\\portfolio\\node_modules\\globals' ]
553 silly reify mark retired [ 'A:\\portfolio\\node_modules\\hermes-estree' ]
554 silly reify mark retired [ 'A:\\portfolio\\node_modules\\hermes-parser' ]
555 silly reify mark retired [
555 silly reify   'A:\\portfolio\\node_modules\\jsesc',
555 silly reify   'A:\\portfolio\\node_modules\\.bin\\jsesc',
555 silly reify   'A:\\portfolio\\node_modules\\.bin\\jsesc.cmd',
555 silly reify   'A:\\portfolio\\node_modules\\.bin\\jsesc.ps1'
555 silly reify ]
556 silly reify mark retired [
556 silly reify   'A:\\portfolio\\node_modules\\json5',
556 silly reify   'A:\\portfolio\\node_modules\\.bin\\json5',
556 silly reify   'A:\\portfolio\\node_modules\\.bin\\json5.cmd',
556 silly reify   'A:\\portfolio\\node_modules\\.bin\\json5.ps1'
556 silly reify ]
557 silly reify mark retired [ 'A:\\portfolio\\node_modules\\lru-cache' ]
558 silly reify mark retired [ 'A:\\portfolio\\node_modules\\minimatch' ]
559 silly reify mark retired [
559 silly reify   'A:\\portfolio\\node_modules\\next',
559 silly reify   'A:\\portfolio\\node_modules\\.bin\\next',
559 silly reify   'A:\\portfolio\\node_modules\\.bin\\next.cmd',
559 silly reify   'A:\\portfolio\\node_modules\\.bin\\next.ps1'
559 silly reify ]
560 silly reify mark retired [ 'A:\\portfolio\\node_modules\\typescript-eslint' ]
561 silly reify mark retired [ 'A:\\portfolio\\node_modules\\yallist' ]
562 silly reify mark retired [ 'A:\\portfolio\\node_modules\\zod-validation-error' ]
563 silly reify moves {
563 silly reify   'A:\\portfolio\\node_modules\\@babel\\code-frame': 'A:\\portfolio\\node_modules\\@babel\\.code-frame-9y2yltpx',
563 silly reify   'A:\\portfolio\\node_modules\\@babel\\compat-data': 'A:\\portfolio\\node_modules\\@babel\\.compat-data-hLbYVMW8',
563 silly reify   'A:\\portfolio\\node_modules\\@babel\\core': 'A:\\portfolio\\node_modules\\@babel\\.core-sfy9eBiR',
563 silly reify   'A:\\portfolio\\node_modules\\@babel\\generator': 'A:\\portfolio\\node_modules\\@babel\\.generator-ZyT0P5Y2',
563 silly reify   'A:\\portfolio\\node_modules\\@babel\\helper-compilation-targets': 'A:\\portfolio\\node_modules\\@babel\\.helper-compilation-targets-W2VG83H7',
563 silly reify   'A:\\portfolio\\node_modules\\@babel\\helper-globals': 'A:\\portfolio\\node_modules\\@babel\\.helper-globals-FZnyifVR',
563 silly reify   'A:\\portfolio\\node_modules\\@babel\\helper-module-imports': 'A:\\portfolio\\node_modules\\@babel\\.helper-module-imports-3O2ymIai',
563 silly reify   'A:\\portfolio\\node_modules\\@babel\\helper-module-transforms': 'A:\\portfolio\\node_modules\\@babel\\.helper-module-transforms-3fSDE3Kx',
563 silly reify   'A:\\portfolio\\node_modules\\@babel\\helper-string-parser': 'A:\\portfolio\\node_modules\\@babel\\.helper-string-parser-0QEZO0VA',
563 silly reify   'A:\\portfolio\\node_modules\\@babel\\helper-validator-identifier': 'A:\\portfolio\\node_modules\\@babel\\.helper-validator-identifier-Sc6nYeb3',
563 silly reify   'A:\\portfolio\\node_modules\\@babel\\helper-validator-option': 'A:\\portfolio\\node_modules\\@babel\\.helper-validator-option-ffuBmhyd',
563 silly reify   'A:\\portfolio\\node_modules\\@babel\\helpers': 'A:\\portfolio\\node_modules\\@babel\\.helpers-ysvXjfw1',
563 silly reify   'A:\\portfolio\\node_modules\\@babel\\parser': 'A:\\portfolio\\node_modules\\@babel\\.parser-IctOEBhI',
563 silly reify   'A:\\portfolio\\node_modules\\.bin\\parser': 'A:\\portfolio\\node_modules\\.bin\\.parser-ngoZHn9H',
563 silly reify   'A:\\portfolio\\node_modules\\.bin\\parser.cmd': 'A:\\portfolio\\node_modules\\.bin\\.parser.cmd-WBLvF9Cv',
563 silly reify   'A:\\portfolio\\node_modules\\.bin\\parser.ps1': 'A:\\portfolio\\node_modules\\.bin\\.parser.ps1-Jove96sT',
563 silly reify   'A:\\portfolio\\node_modules\\@babel\\template': 'A:\\portfolio\\node_modules\\@babel\\.template-72csVUAc',
563 silly reify   'A:\\portfolio\\node_modules\\@babel\\traverse': 'A:\\portfolio\\node_modules\\@babel\\.traverse-e4gai2vp',
563 silly reify   'A:\\portfolio\\node_modules\\@babel\\types': 'A:\\portfolio\\node_modules\\@babel\\.types-4GnIFOmZ',
563 silly reify   'A:\\portfolio\\node_modules\\@eslint\\config-array': 'A:\\portfolio\\node_modules\\@eslint\\.config-array-pMPm9tOa',
563 silly reify   'A:\\portfolio\\node_modules\\@eslint\\config-helpers': 'A:\\portfolio\\node_modules\\@eslint\\.config-helpers-oTWEuF9A',
563 silly reify   'A:\\portfolio\\node_modules\\@eslint\\core': 'A:\\portfolio\\node_modules\\@eslint\\.core-DN3yEixd',
563 silly reify   'A:\\portfolio\\node_modules\\@eslint\\eslintrc': 'A:\\portfolio\\node_modules\\@eslint\\.eslintrc-kM5CK8QA',
563 silly reify   'A:\\portfolio\\node_modules\\@eslint\\js': 'A:\\portfolio\\node_modules\\@eslint\\.js-lNd5KPMZ',
563 silly reify   'A:\\portfolio\\node_modules\\@eslint\\object-schema': 'A:\\portfolio\\node_modules\\@eslint\\.object-schema-PM5MnFti',
563 silly reify   'A:\\portfolio\\node_modules\\@eslint\\plugin-kit': 'A:\\portfolio\\node_modules\\@eslint\\.plugin-kit-mas4uUSk',
563 silly reify   'A:\\portfolio\\node_modules\\@humanfs\\core': 'A:\\portfolio\\node_modules\\@humanfs\\.core-dtUgnbDC',
563 silly reify   'A:\\portfolio\\node_modules\\@humanfs\\node': 'A:\\portfolio\\node_modules\\@humanfs\\.node-Y1nBFaLO',
563 silly reify   'A:\\portfolio\\node_modules\\@humanfs\\types': 'A:\\portfolio\\node_modules\\@humanfs\\.types-yXnp4CAb',
563 silly reify   'A:\\portfolio\\node_modules\\@humanwhocodes\\retry': 'A:\\portfolio\\node_modules\\@humanwhocodes\\.retry-Nwc8SiRZ',
563 silly reify   'A:\\portfolio\\node_modules\\@jridgewell\\remapping': 'A:\\portfolio\\node_modules\\@jridgewell\\.remapping-BDUX8jHF',
563 silly reify   'A:\\portfolio\\node_modules\\@next\\env': 'A:\\portfolio\\node_modules\\@next\\.env-Fqmpmsrz',
563 silly reify   'A:\\portfolio\\node_modules\\@next\\eslint-plugin-next': 'A:\\portfolio\\node_modules\\@next\\.eslint-plugin-next-P63GzETn',
563 silly reify   'A:\\portfolio\\node_modules\\@next\\swc-darwin-arm64': 'A:\\portfolio\\node_modules\\@next\\.swc-darwin-arm64-vn0VJoWW',
563 silly reify   'A:\\portfolio\\node_modules\\@next\\swc-darwin-x64': 'A:\\portfolio\\node_modules\\@next\\.swc-darwin-x64-C93iF7DH',
563 silly reify   'A:\\portfolio\\node_modules\\@next\\swc-linux-arm64-gnu': 'A:\\portfolio\\node_modules\\@next\\.swc-linux-arm64-gnu-W03oBwL0',
563 silly reify   'A:\\portfolio\\node_modules\\@next\\swc-linux-arm64-musl': 'A:\\portfolio\\node_modules\\@next\\.swc-linux-arm64-musl-yhySdVr8',
563 silly reify   'A:\\portfolio\\node_modules\\@next\\swc-linux-x64-gnu': 'A:\\portfolio\\node_modules\\@next\\.swc-linux-x64-gnu-QJcqs6fE',
563 silly reify   'A:\\portfolio\\node_modules\\@next\\swc-linux-x64-musl': 'A:\\portfolio\\node_modules\\@next\\.swc-linux-x64-musl-efGwb0R8',
563 silly reify   'A:\\portfolio\\node_modules\\@next\\swc-win32-arm64-msvc': 'A:\\portfolio\\node_modules\\@next\\.swc-win32-arm64-msvc-BUSm3kwi',
563 silly reify   'A:\\portfolio\\node_modules\\@next\\swc-win32-x64-msvc': 'A:\\portfolio\\node_modules\\@next\\.swc-win32-x64-msvc-srZjXvdU',
563 silly reify   'A:\\portfolio\\node_modules\\@types\\estree': 'A:\\portfolio\\node_modules\\@types\\.estree-nHBZbhmO',
563 silly reify   'A:\\portfolio\\node_modules\\@types\\json-schema': 'A:\\portfolio\\node_modules\\@types\\.json-schema-p1HSoCc1',
563 silly reify   'A:\\portfolio\\node_modules\\balanced-match': 'A:\\portfolio\\node_modules\\.balanced-match-agQQ20QZ',
563 silly reify   'A:\\portfolio\\node_modules\\brace-expansion': 'A:\\portfolio\\node_modules\\.brace-expansion-hjN6qMsH',
563 silly reify   'A:\\portfolio\\node_modules\\convert-source-map': 'A:\\portfolio\\node_modules\\.convert-source-map-ehNC1La8',
563 silly reify   'A:\\portfolio\\node_modules\\eslint': 'A:\\portfolio\\node_modules\\.eslint-BvXRZpTT',
563 silly reify   'A:\\portfolio\\node_modules\\.bin\\eslint': 'A:\\portfolio\\node_modules\\.bin\\.eslint-4f6mTqjb',
563 silly reify   'A:\\portfolio\\node_modules\\.bin\\eslint.cmd': 'A:\\portfolio\\node_modules\\.bin\\.eslint.cmd-1FEqCS3z',
563 silly reify   'A:\\portfolio\\node_modules\\.bin\\eslint.ps1': 'A:\\portfolio\\node_modules\\.bin\\.eslint.ps1-jE8ojuQt',
563 silly reify   'A:\\portfolio\\node_modules\\eslint-config-next': 'A:\\portfolio\\node_modules\\.eslint-config-next-DZthTgGA',
563 silly reify   'A:\\portfolio\\node_modules\\eslint-plugin-react-hooks': 'A:\\portfolio\\node_modules\\.eslint-plugin-react-hooks-0bGhiSKU',
563 silly reify   'A:\\portfolio\\node_modules\\eslint-scope': 'A:\\portfolio\\node_modules\\.eslint-scope-vPUb4CkS',
563 silly reify   'A:\\portfolio\\node_modules\\espree': 'A:\\portfolio\\node_modules\\.espree-659K0WU5',
563 silly reify   'A:\\portfolio\\node_modules\\file-entry-cache': 'A:\\portfolio\\node_modules\\.file-entry-cache-ao4Ohifn',
563 silly reify   'A:\\portfolio\\node_modules\\flat-cache': 'A:\\portfolio\\node_modules\\.flat-cache-tSk1B8xd',
563 silly reify   'A:\\portfolio\\node_modules\\gensync': 'A:\\portfolio\\node_modules\\.gensync-Hmi9FRS6',
563 silly reify   'A:\\portfolio\\node_modules\\globals': 'A:\\portfolio\\node_modules\\.globals-rZfVezYA',
563 silly reify   'A:\\portfolio\\node_modules\\hermes-estree': 'A:\\portfolio\\node_modules\\.hermes-estree-8AgPmpQo',
563 silly reify   'A:\\portfolio\\node_modules\\hermes-parser': 'A:\\portfolio\\node_modules\\.hermes-parser-M4HA8hvd',
563 silly reify   'A:\\portfolio\\node_modules\\jsesc': 'A:\\portfolio\\node_modules\\.jsesc-QGyI59HY',
563 silly reify   'A:\\portfolio\\node_modules\\.bin\\jsesc': 'A:\\portfolio\\node_modules\\.bin\\.jsesc-pHLg4nt4',
563 silly reify   'A:\\portfolio\\node_modules\\.bin\\jsesc.cmd': 'A:\\portfolio\\node_modules\\.bin\\.jsesc.cmd-wTnUYrYZ',
563 silly reify   'A:\\portfolio\\node_modules\\.bin\\jsesc.ps1': 'A:\\portfolio\\node_modules\\.bin\\.jsesc.ps1-qJuV416E',
563 silly reify   'A:\\portfolio\\node_modules\\json5': 'A:\\portfolio\\node_modules\\.json5-BPos78GP',
563 silly reify   'A:\\portfolio\\node_modules\\.bin\\json5': 'A:\\portfolio\\node_modules\\.bin\\.json5-qT3rBKy0',
563 silly reify   'A:\\portfolio\\node_modules\\.bin\\json5.cmd': 'A:\\portfolio\\node_modules\\.bin\\.json5.cmd-4ptVUHCb',
563 silly reify   'A:\\portfolio\\node_modules\\.bin\\json5.ps1': 'A:\\portfolio\\node_modules\\.bin\\.json5.ps1-vsl06ISs',
563 silly reify   'A:\\portfolio\\node_modules\\lru-cache': 'A:\\portfolio\\node_modules\\.lru-cache-v8TRDVNT',
563 silly reify   'A:\\portfolio\\node_modules\\minimatch': 'A:\\portfolio\\node_modules\\.minimatch-nUN2IMMi',
563 silly reify   'A:\\portfolio\\node_modules\\next': 'A:\\portfolio\\node_modules\\.next-7Ii2gqPb',
563 silly reify   'A:\\portfolio\\node_modules\\.bin\\next': 'A:\\portfolio\\node_modules\\.bin\\.next-xfvsNqFI',
563 silly reify   'A:\\portfolio\\node_modules\\.bin\\next.cmd': 'A:\\portfolio\\node_modules\\.bin\\.next.cmd-UL9dn8Uz',
563 silly reify   'A:\\portfolio\\node_modules\\.bin\\next.ps1': 'A:\\portfolio\\node_modules\\.bin\\.next.ps1-kDVjqcYs',
563 silly reify   'A:\\portfolio\\node_modules\\typescript-eslint': 'A:\\portfolio\\node_modules\\.typescript-eslint-DeQsiF9D',
563 silly reify   'A:\\portfolio\\node_modules\\yallist': 'A:\\portfolio\\node_modules\\.yallist-XOCawxwc',
563 silly reify   'A:\\portfolio\\node_modules\\zod-validation-error': 'A:\\portfolio\\node_modules\\.zod-validation-error-mNiXmzJb'
563 silly reify }
564 silly audit bulk request {
564 silly audit   '@alloc/quick-lru': [ '5.2.0' ],
564 silly audit   semver: [ '6.3.1', '7.8.1' ],
564 silly audit   '@emnapi/wasi-threads': [ '1.2.1' ],
564 silly audit   '@eslint-community/eslint-utils': [ '4.9.1' ],
564 silly audit   '@eslint-community/regexpp': [ '4.12.2' ],
564 silly audit   minimatch: [ '3.1.5', '10.2.5' ],
564 silly audit   '@hookform/resolvers': [ '3.10.0' ],
564 silly audit   '@humanwhocodes/module-importer': [ '1.0.1' ],
564 silly audit   '@img/colour': [ '1.1.0' ],
564 silly audit   '@img/sharp-darwin-arm64': [ '0.34.5' ],
564 silly audit   '@img/sharp-darwin-x64': [ '0.34.5' ],
564 silly audit   '@img/sharp-libvips-darwin-arm64': [ '1.2.4' ],
564 silly audit   '@img/sharp-libvips-darwin-x64': [ '1.2.4' ],
564 silly audit   '@img/sharp-libvips-linux-arm': [ '1.2.4' ],
564 silly audit   '@img/sharp-libvips-linux-arm64': [ '1.2.4' ],
564 silly audit   '@img/sharp-libvips-linux-ppc64': [ '1.2.4' ],
564 silly audit   '@img/sharp-libvips-linux-riscv64': [ '1.2.4' ],
564 silly audit   '@img/sharp-libvips-linux-s390x': [ '1.2.4' ],
564 silly audit   '@img/sharp-libvips-linux-x64': [ '1.2.4' ],
564 silly audit   '@img/sharp-libvips-linuxmusl-arm64': [ '1.2.4' ],
564 silly audit   '@img/sharp-libvips-linuxmusl-x64': [ '1.2.4' ],
564 silly audit   '@img/sharp-linux-arm': [ '0.34.5' ],
564 silly audit   '@img/sharp-linux-arm64': [ '0.34.5' ],
564 silly audit   '@img/sharp-linux-ppc64': [ '0.34.5' ],
564 silly audit   '@img/sharp-linux-riscv64': [ '0.34.5' ],
564 silly audit   '@img/sharp-linux-s390x': [ '0.34.5' ],
564 silly audit   '@img/sharp-linux-x64': [ '0.34.5' ],
564 silly audit   '@img/sharp-linuxmusl-arm64': [ '0.34.5' ],
564 silly audit   '@img/sharp-linuxmusl-x64': [ '0.34.5' ],
564 silly audit   '@img/sharp-wasm32': [ '0.34.5' ],
564 silly audit   '@img/sharp-win32-arm64': [ '0.34.5' ],
564 silly audit   '@img/sharp-win32-ia32': [ '0.34.5' ],
564 silly audit   '@img/sharp-win32-x64': [ '0.34.5' ],
564 silly audit   '@jridgewell/gen-mapping': [ '0.3.13' ],
564 silly audit   '@jridgewell/resolve-uri': [ '3.1.2' ],
564 silly audit   '@jridgewell/sourcemap-codec': [ '1.5.5' ],
564 silly audit   '@jridgewell/trace-mapping': [ '0.3.31' ],
564 silly audit   '@napi-rs/wasm-runtime': [ '1.1.4' ],
564 silly audit   '@nodelib/fs.scandir': [ '2.1.5' ],
564 silly audit   '@nodelib/fs.stat': [ '2.0.5' ],
564 silly audit   '@nodelib/fs.walk': [ '1.2.8' ],
564 silly audit   '@nolyfill/is-core-module': [ '1.0.39' ],
564 silly audit   '@radix-ui/primitive': [ '1.1.3' ],
564 silly audit   '@radix-ui/react-compose-refs': [ '1.1.2' ],
564 silly audit   '@radix-ui/react-context': [ '1.1.2' ],
564 silly audit   '@radix-ui/react-dialog': [ '1.1.15' ],
564 silly audit   '@radix-ui/react-slot': [ '1.2.3', '1.2.4' ],
564 silly audit   '@radix-ui/react-dismissable-layer': [ '1.1.11' ],
564 silly audit   '@radix-ui/react-focus-guards': [ '1.1.3' ],
564 silly audit   '@radix-ui/react-focus-scope': [ '1.1.7' ],
564 silly audit   '@radix-ui/react-id': [ '1.1.1' ],
564 silly audit   '@radix-ui/react-label': [ '2.1.8' ],
564 silly audit   '@radix-ui/react-primitive': [ '2.1.4', '2.1.3' ],
564 silly audit   '@radix-ui/react-portal': [ '1.1.9' ],
564 silly audit   '@radix-ui/react-presence': [ '1.1.5' ],
564 silly audit   '@radix-ui/react-use-callback-ref': [ '1.1.1' ],
564 silly audit   '@radix-ui/react-use-controllable-state': [ '1.2.2' ],
564 silly audit   '@radix-ui/react-use-effect-event': [ '0.0.2' ],
564 silly audit   '@radix-ui/react-use-escape-keydown': [ '1.1.1' ],
564 silly audit   '@radix-ui/react-use-layout-effect': [ '1.1.1' ],
564 silly audit   '@rtsao/scc': [ '1.1.0' ],
564 silly audit   '@swc/helpers': [ '0.5.15' ],
564 silly audit   '@tybys/wasm-util': [ '0.10.2' ],
564 silly audit   '@types/json5': [ '0.0.29' ],
564 silly audit   '@types/node': [ '22.19.19' ],
564 silly audit   '@types/react': [ '19.2.15' ],
564 silly audit   '@types/react-dom': [ '19.2.3' ],
564 silly audit   'eslint-visitor-keys': [ '3.4.3', '5.0.1' ],
564 silly audit   '@unrs/resolver-binding-android-arm-eabi': [ '1.12.2' ],
564 silly audit   '@unrs/resolver-binding-android-arm64': [ '1.12.2' ],
564 silly audit   '@unrs/resolver-binding-darwin-arm64': [ '1.12.2' ],
564 silly audit   '@unrs/resolver-binding-darwin-x64': [ '1.12.2' ],
564 silly audit   '@unrs/resolver-binding-freebsd-x64': [ '1.12.2' ],
564 silly audit   '@unrs/resolver-binding-linux-arm-gnueabihf': [ '1.12.2' ],
564 silly audit   '@unrs/resolver-binding-linux-arm-musleabihf': [ '1.12.2' ],
564 silly audit   '@unrs/resolver-binding-linux-arm64-gnu': [ '1.12.2' ],
564 silly audit   '@unrs/resolver-binding-linux-arm64-musl': [ '1.12.2' ],
564 silly audit   '@unrs/resolver-binding-linux-loong64-gnu': [ '1.12.2' ],
564 silly audit   '@unrs/resolver-binding-linux-loong64-musl': [ '1.12.2' ],
564 silly audit   '@unrs/resolver-binding-linux-ppc64-gnu': [ '1.12.2' ],
564 silly audit   '@unrs/resolver-binding-linux-riscv64-gnu': [ '1.12.2' ],
564 silly audit   '@unrs/resolver-binding-linux-riscv64-musl': [ '1.12.2' ],
564 silly audit   '@unrs/resolver-binding-linux-s390x-gnu': [ '1.12.2' ],
564 silly audit   '@unrs/resolver-binding-linux-x64-gnu': [ '1.12.2' ],
564 silly audit   '@unrs/resolver-binding-linux-x64-musl': [ '1.12.2' ],
564 silly audit   '@unrs/resolver-binding-openharmony-arm64': [ '1.12.2' ],
564 silly audit   '@unrs/resolver-binding-wasm32-wasi': [ '1.12.2' ],
564 silly audit   '@unrs/resolver-binding-win32-arm64-msvc': [ '1.12.2' ],
564 silly audit   '@unrs/resolver-binding-win32-ia32-msvc': [ '1.12.2' ],
564 silly audit   '@unrs/resolver-binding-win32-x64-msvc': [ '1.12.2' ],
564 silly audit   'ansi-styles': [ '4.3.0' ],
564 silly audit   'any-promise': [ '1.3.0' ],
564 silly audit   anymatch: [ '3.1.3' ],
564 silly audit   arg: [ '5.0.2' ],
564 silly audit   'aria-hidden': [ '1.2.6' ],
564 silly audit   'aria-query': [ '5.3.2' ],
564 silly audit   'array-buffer-byte-length': [ '1.0.2' ],
564 silly audit   'array-includes': [ '3.1.9' ],
564 silly audit   'array.prototype.findlast': [ '1.2.5' ],
564 silly audit   'array.prototype.findlastindex': [ '1.2.6' ],
564 silly audit   'array.prototype.flat': [ '1.3.3' ],
564 silly audit   'array.prototype.flatmap': [ '1.3.3' ],
564 silly audit   'array.prototype.tosorted': [ '1.1.4' ],
564 silly audit   'arraybuffer.prototype.slice': [ '1.0.4' ],
564 silly audit   'ast-types-flow': [ '0.0.8' ],
564 silly audit   'async-function': [ '1.0.0' ],
564 silly audit   autoprefixer: [ '10.5.0' ],
564 silly audit   'available-typed-arrays': [ '1.0.7' ],
564 silly audit   'axe-core': [ '4.11.4' ],
564 silly audit   'axobject-query': [ '4.1.0' ],
564 silly audit   'baseline-browser-mapping': [ '2.10.32' ],
564 silly audit   'binary-extensions': [ '2.3.0' ],
564 silly audit   braces: [ '3.0.3' ],
564 silly audit   browserslist: [ '4.28.2' ],
564 silly audit   'call-bind': [ '1.0.9' ],
564 silly audit   'call-bind-apply-helpers': [ '1.0.2' ],
564 silly audit   'call-bound': [ '1.0.4' ],
564 silly audit   'camelcase-css': [ '2.0.1' ],
564 silly audit   'caniuse-lite': [ '1.0.30001793' ],
564 silly audit   chalk: [ '4.1.2' ],
564 silly audit   chokidar: [ '3.6.0' ],
564 silly audit   'glob-parent': [ '5.1.2', '6.0.2' ],
564 silly audit   'class-variance-authority': [ '0.7.1' ],
564 silly audit   'client-only': [ '0.0.1' ],
564 silly audit   clsx: [ '2.1.1' ],
564 silly audit   'color-convert': [ '2.0.1' ],
564 silly audit   'color-name': [ '1.1.4' ],
564 silly audit   commander: [ '4.1.1' ],
564 silly audit   'cross-spawn': [ '7.0.6' ],
564 silly audit   cssesc: [ '3.0.0' ],
564 silly audit   csstype: [ '3.2.3' ],
564 silly audit   'damerau-levenshtein': [ '1.0.8' ],
564 silly audit   'data-view-buffer': [ '1.0.2' ],
564 silly audit   'data-view-byte-length': [ '1.0.2' ],
564 silly audit   'data-view-byte-offset': [ '1.0.1' ],
564 silly audit   debug: [ '4.4.3', '3.2.7' ],
564 silly audit   'deep-is': [ '0.1.4' ],
564 silly audit   'define-data-property': [ '1.1.4' ],
564 silly audit   'define-properties': [ '1.2.1' ],
564 silly audit   'detect-libc': [ '2.1.2' ],
564 silly audit   'detect-node-es': [ '1.1.0' ],
564 silly audit   didyoumean: [ '1.2.2' ],
564 silly audit   dlv: [ '1.1.3' ],
564 silly audit   doctrine: [ '2.1.0', '3.0.0' ],
564 silly audit   'dunder-proto': [ '1.0.1' ],
564 silly audit   'electron-to-chromium': [ '1.5.361' ],
564 silly audit   'emoji-regex': [ '9.2.2' ],
564 silly audit   'es-abstract': [ '1.24.2' ],
564 silly audit   'es-define-property': [ '1.0.1' ],
564 silly audit   'es-errors': [ '1.3.0' ],
564 silly audit   'es-iterator-helpers': [ '1.3.2' ],
564 silly audit   'es-object-atoms': [ '1.1.2' ],
564 silly audit   'es-set-tostringtag': [ '2.1.0' ],
564 silly audit   'es-shim-unscopables': [ '1.1.0' ],
564 silly audit   'es-to-primitive': [ '1.3.0' ],
564 silly audit   escalade: [ '3.2.0' ],
564 silly audit   'escape-string-regexp': [ '4.0.0' ],
564 silly audit   'eslint-import-resolver-node': [ '0.3.10' ],
564 silly audit   'eslint-module-utils': [ '2.12.1' ],
564 silly audit   esquery: [ '1.7.0' ],
564 silly audit   estraverse: [ '5.3.0' ],
564 silly audit   esutils: [ '2.0.3' ],
564 silly audit   'fast-glob': [ '3.3.3', '3.3.1' ],
564 silly audit   'fast-levenshtein': [ '2.0.6' ],
564 silly audit   fastq: [ '1.20.1' ],
564 silly audit   'fill-range': [ '7.1.1' ],
564 silly audit   'find-up': [ '5.0.0' ],
564 silly audit   'for-each': [ '0.3.5' ],
564 silly audit   'fraction.js': [ '5.3.4' ],
564 silly audit   'framer-motion': [ '11.18.2' ],
564 silly audit   fsevents: [ '2.3.3' ],
564 silly audit   'function-bind': [ '1.1.2' ],
564 silly audit   'function.prototype.name': [ '1.1.8' ],
564 silly audit   'functions-have-names': [ '1.2.3' ],
564 silly audit   'generator-function': [ '2.0.1' ],
564 silly audit   'get-intrinsic': [ '1.3.0' ],
564 silly audit   'get-nonce': [ '1.0.1' ],
564 silly audit   'get-proto': [ '1.0.1' ],
564 silly audit   'get-symbol-description': [ '1.1.0' ],
564 silly audit   'get-tsconfig': [ '4.14.0' ],
564 silly audit   globalthis: [ '1.0.4' ],
564 silly audit   gopd: [ '1.2.0' ],
564 silly audit   'has-bigints': [ '1.1.0' ],
564 silly audit   'has-flag': [ '4.0.0' ],
564 silly audit   'has-property-descriptors': [ '1.0.2' ],
564 silly audit   'has-proto': [ '1.2.0' ],
564 silly audit   'has-symbols': [ '1.1.0' ],
564 silly audit   'has-tostringtag': [ '1.0.2' ],
564 silly audit   hasown: [ '2.0.3' ],
564 silly audit   imurmurhash: [ '0.1.4' ],
564 silly audit   'internal-slot': [ '1.1.0' ],
564 silly audit   'is-array-buffer': [ '3.0.5' ],
564 silly audit   'is-async-function': [ '2.1.1' ],
564 silly audit   'is-bigint': [ '1.1.0' ],
564 silly audit   'is-binary-path': [ '2.1.0' ],
564 silly audit   'is-boolean-object': [ '1.2.2' ],
564 silly audit   'is-bun-module': [ '2.0.0' ],
564 silly audit   'is-callable': [ '1.2.7' ],
564 silly audit   'is-core-module': [ '2.16.2' ],
564 silly audit   'is-data-view': [ '1.0.2' ],
564 silly audit   'is-date-object': [ '1.1.0' ],
564 silly audit   'is-extglob': [ '2.1.1' ],
564 silly audit   'is-finalizationregistry': [ '1.1.1' ],
564 silly audit   'is-generator-function': [ '1.1.2' ],
564 silly audit   'is-glob': [ '4.0.3' ],
564 silly audit   'is-map': [ '2.0.3' ],
564 silly audit   'is-negative-zero': [ '2.0.3' ],
564 silly audit   'is-number': [ '7.0.0' ],
564 silly audit   'is-number-object': [ '1.1.1' ],
564 silly audit   'is-regex': [ '1.2.1' ],
564 silly audit   'is-set': [ '2.0.3' ],
564 silly audit   'is-shared-array-buffer': [ '1.0.4' ],
564 silly audit   'is-string': [ '1.1.1' ],
564 silly audit   'is-symbol': [ '1.1.1' ],
564 silly audit   'is-typed-array': [ '1.1.15' ],
564 silly audit   'is-weakmap': [ '2.0.2' ],
564 silly audit   'is-weakref': [ '1.1.1' ],
564 silly audit   'is-weakset': [ '2.0.4' ],
564 silly audit   isarray: [ '2.0.5' ],
564 silly audit   isexe: [ '2.0.0' ],
564 silly audit   'iterator.prototype': [ '1.1.5' ],
564 silly audit   jiti: [ '1.21.7' ],
564 silly audit   'js-tokens': [ '4.0.0' ],
564 silly audit   'json-stable-stringify-without-jsonify': [ '1.0.1' ],
564 silly audit   json5: [ '1.0.2' ],
564 silly audit   'jsx-ast-utils': [ '3.3.5' ],
564 silly audit   'language-subtag-registry': [ '0.3.23' ],
564 silly audit   'language-tags': [ '1.0.9' ],
564 silly audit   levn: [ '0.4.1' ],
564 silly audit   lilconfig: [ '3.1.3' ],
564 silly audit   'lines-and-columns': [ '1.2.4' ],
564 silly audit   'locate-path': [ '6.0.0' ],
564 silly audit   'lodash.merge': [ '4.6.2' ],
564 silly audit   'loose-envify': [ '1.4.0' ],
564 silly audit   'lucide-react': [ '0.468.0' ],
564 silly audit   'math-intrinsics': [ '1.1.0' ],
564 silly audit   merge2: [ '1.4.1' ],
564 silly audit   micromatch: [ '4.0.8' ],
564 silly audit   minimist: [ '1.2.8' ],
564 silly audit   'motion-dom': [ '11.18.1' ],
564 silly audit   'motion-utils': [ '11.18.1' ],
564 silly audit   ms: [ '2.1.3' ],
564 silly audit   mz: [ '2.7.0' ],
564 silly audit   nanoid: [ '3.3.12' ],
564 silly audit   'napi-postinstall': [ '0.3.4' ],
564 silly audit   'natural-compare': [ '1.4.0' ],
564 silly audit   'next-themes': [ '0.4.6' ],
564 silly audit   postcss: [ '8.5.15', '8.4.31' ],
564 silly audit   'node-exports-info': [ '1.6.0' ],
564 silly audit   'node-releases': [ '2.0.46' ],
564 silly audit   'normalize-path': [ '3.0.0' ],
564 silly audit   'object-assign': [ '4.1.1' ],
564 silly audit   'object-hash': [ '3.0.0' ],
564 silly audit   'object-inspect': [ '1.13.4' ],
564 silly audit   'object-keys': [ '1.1.1' ],
564 silly audit   'object.assign': [ '4.1.7' ],
564 silly audit   'object.entries': [ '1.1.9' ],
564 silly audit   'object.fromentries': [ '2.0.8' ],
564 silly audit   'object.groupby': [ '1.0.3' ],
564 silly audit   'object.values': [ '1.2.1' ],
564 silly audit   optionator: [ '0.9.4' ],
564 silly audit   'own-keys': [ '1.0.1' ],
564 silly audit   'p-limit': [ '3.1.0' ],
564 silly audit   'p-locate': [ '5.0.0' ],
564 silly audit   'path-exists': [ '4.0.0' ],
564 silly audit   'path-key': [ '3.1.1' ],
564 silly audit   'path-parse': [ '1.0.7' ],
564 silly audit   picocolors: [ '1.1.1' ],
564 silly audit   picomatch: [ '2.3.2', '4.0.4' ],
564 silly audit   pify: [ '2.3.0' ],
564 silly audit   pirates: [ '4.0.7' ],
564 silly audit   'possible-typed-array-names': [ '1.1.0' ],
564 silly audit   'postcss-import': [ '15.1.0' ],
564 silly audit   resolve: [ '1.22.12', '2.0.0-next.7' ],
564 silly audit   'postcss-js': [ '4.1.0' ],
564 silly audit   'postcss-load-config': [ '6.0.1' ],
564 silly audit   'postcss-nested': [ '6.2.0' ],
564 silly audit   'postcss-selector-parser': [ '6.1.2' ],
564 silly audit   'postcss-value-parser': [ '4.2.0' ],
564 silly audit   'prelude-ls': [ '1.2.1' ],
564 silly audit   'prop-types': [ '15.8.1' ],
564 silly audit   'queue-microtask': [ '1.2.3' ],
564 silly audit   react: [ '19.2.6' ],
564 silly audit   'react-dom': [ '19.2.6' ],
564 silly audit   'react-hook-form': [ '7.76.1' ],
564 silly audit   'react-is': [ '16.13.1' ],
564 silly audit   'react-remove-scroll': [ '2.7.2' ],
564 silly audit   'react-remove-scroll-bar': [ '2.3.8' ],
564 silly audit   'react-style-singleton': [ '2.2.3' ],
564 silly audit   'read-cache': [ '1.0.0' ],
564 silly audit   readdirp: [ '3.6.0' ],
564 silly audit   'reflect.getprototypeof': [ '1.0.10' ],
564 silly audit   'regexp.prototype.flags': [ '1.5.4' ],
564 silly audit   'resolve-pkg-maps': [ '1.0.0' ],
564 silly audit   reusify: [ '1.1.0' ],
564 silly audit   'run-parallel': [ '1.2.0' ],
564 silly audit   'safe-array-concat': [ '1.1.4' ],
564 silly audit   'safe-push-apply': [ '1.0.0' ],
564 silly audit   'safe-regex-test': [ '1.1.0' ],
564 silly audit   scheduler: [ '0.27.0' ],
564 silly audit   'set-function-length': [ '1.2.2' ],
564 silly audit   'set-function-name': [ '2.0.2' ],
564 silly audit   'set-proto': [ '1.0.0' ],
564 silly audit   sharp: [ '0.34.5' ],
564 silly audit   'shebang-command': [ '2.0.0' ],
564 silly audit   'shebang-regex': [ '3.0.0' ],
564 silly audit   'side-channel': [ '1.1.0' ],
564 silly audit   'side-channel-list': [ '1.0.1' ],
564 silly audit   'side-channel-map': [ '1.0.1' ],
564 silly audit   'side-channel-weakmap': [ '1.0.2' ],
564 silly audit   'source-map-js': [ '1.2.1' ],
564 silly audit   'stable-hash': [ '0.0.5' ],
564 silly audit   'stop-iteration-iterator': [ '1.1.0' ],
564 silly audit   'string.prototype.includes': [ '2.0.1' ],
564 silly audit   'string.prototype.matchall': [ '4.0.12' ],
564 silly audit   'string.prototype.repeat': [ '1.0.0' ],
564 silly audit   'string.prototype.trim': [ '1.2.10' ],
564 silly audit   'string.prototype.trimend': [ '1.0.9' ],
564 silly audit   'string.prototype.trimstart': [ '1.0.8' ],
564 silly audit   'strip-bom': [ '3.0.0' ],
564 silly audit   'styled-jsx': [ '5.1.6' ],
564 silly audit   sucrase: [ '3.35.1' ],
564 silly audit   'supports-color': [ '7.2.0' ],
564 silly audit   'supports-preserve-symlinks-flag': [ '1.0.0' ],
564 silly audit   'tailwind-merge': [ '2.6.1' ],
564 silly audit   tailwindcss: [ '3.4.19' ],
564 silly audit   'tailwindcss-animate': [ '1.0.7' ],
564 silly audit   thenify: [ '3.3.1' ],
564 silly audit   'thenify-all': [ '1.6.0' ],
564 silly audit   tinyglobby: [ '0.2.16' ],
564 silly audit   fdir: [ '6.5.0' ],
564 silly audit   'to-regex-range': [ '5.0.1' ],
564 silly audit   'ts-interface-checker': [ '0.1.13' ],
564 silly audit   'tsconfig-paths': [ '3.15.0' ],
564 silly audit   tslib: [ '2.8.1' ],
564 silly audit   'type-check': [ '0.4.0' ],
564 silly audit   'typed-array-buffer': [ '1.0.3' ],
564 silly audit   'typed-array-byte-length': [ '1.0.3' ],
564 silly audit   'typed-array-byte-offset': [ '1.0.4' ],
564 silly audit   'typed-array-length': [ '1.0.7' ],
564 silly audit   typescript: [ '5.9.3' ],
564 silly audit   'unbox-primitive': [ '1.1.0' ],
564 silly audit   'undici-types': [ '6.21.0' ],
564 silly audit   'unrs-resolver': [ '1.12.2' ],
564 silly audit   'update-browserslist-db': [ '1.2.3' ],
564 silly audit   'use-callback-ref': [ '1.3.3' ],
564 silly audit   'use-sidecar': [ '1.1.3' ],
564 silly audit   'util-deprecate': [ '1.0.2' ],
564 silly audit   which: [ '2.0.2' ],
564 silly audit   'which-boxed-primitive': [ '1.1.1' ],
564 silly audit   'which-builtin-type': [ '1.2.1' ],
564 silly audit   'which-collection': [ '1.0.2' ],
564 silly audit   'which-typed-array': [ '1.1.21' ],
564 silly audit   'word-wrap': [ '1.2.5' ],
564 silly audit   'yocto-queue': [ '0.1.0' ],
564 silly audit   zod: [ '3.25.76' ],
564 silly audit   eslint: [ '8.57.1' ],
564 silly audit   'eslint-config-next': [ '15.5.18' ],
564 silly audit   'eslint-import-resolver-typescript': [ '3.10.1' ],
564 silly audit   'eslint-plugin-import': [ '2.32.0' ],
564 silly audit   'eslint-plugin-jsx-a11y': [ '6.10.2' ],
564 silly audit   'eslint-plugin-react': [ '7.37.5' ],
564 silly audit   next: [ '15.5.18' ],
564 silly audit   '@eslint/eslintrc': [ '2.1.4' ],
564 silly audit   '@eslint/js': [ '8.57.1' ],
564 silly audit   '@humanwhocodes/config-array': [ '0.13.0' ],
564 silly audit   '@ungap/structured-clone': [ '1.3.1' ],
564 silly audit   ajv: [ '6.15.0' ],
564 silly audit   'eslint-scope': [ '7.2.2' ],
564 silly audit   espree: [ '9.6.1' ],
564 silly audit   'fast-deep-equal': [ '3.1.3' ],
564 silly audit   'file-entry-cache': [ '6.0.1' ],
564 silly audit   globals: [ '13.24.0' ],
564 silly audit   graphemer: [ '1.4.0' ],
564 silly audit   ignore: [ '5.3.2', '7.0.5' ],
564 silly audit   'is-path-inside': [ '3.0.3' ],
564 silly audit   'js-yaml': [ '4.1.1' ],
564 silly audit   'strip-ansi': [ '6.0.1' ],
564 silly audit   'text-table': [ '0.2.0' ],
564 silly audit   'import-fresh': [ '3.3.1' ],
564 silly audit   'strip-json-comments': [ '3.1.1' ],
564 silly audit   '@humanwhocodes/object-schema': [ '2.0.3' ],
564 silly audit   'fast-json-stable-stringify': [ '2.1.0' ],
564 silly audit   'json-schema-traverse': [ '0.4.1' ],
564 silly audit   'uri-js': [ '4.4.1' ],
564 silly audit   '@next/eslint-plugin-next': [ '15.5.18' ],
564 silly audit   '@rushstack/eslint-patch': [ '1.16.1' ],
564 silly audit   '@typescript-eslint/eslint-plugin': [ '8.60.0' ],
564 silly audit   '@typescript-eslint/parser': [ '8.60.0' ],
564 silly audit   'eslint-plugin-react-hooks': [ '5.2.0' ],
564 silly audit   '@typescript-eslint/scope-manager': [ '8.60.0' ],
564 silly audit   '@typescript-eslint/type-utils': [ '8.60.0' ],
564 silly audit   '@typescript-eslint/utils': [ '8.60.0' ],
564 silly audit   '@typescript-eslint/visitor-keys': [ '8.60.0' ],
564 silly audit   'ts-api-utils': [ '2.5.0' ],
564 silly audit   '@typescript-eslint/types': [ '8.60.0' ],
564 silly audit   '@typescript-eslint/typescript-estree': [ '8.60.0' ],
564 silly audit   '@typescript-eslint/project-service': [ '8.60.0' ],
564 silly audit   '@typescript-eslint/tsconfig-utils': [ '8.60.0' ],
564 silly audit   esrecurse: [ '4.3.0' ],
564 silly audit   acorn: [ '8.16.0' ],
564 silly audit   'acorn-jsx': [ '5.3.2' ],
564 silly audit   'flat-cache': [ '3.2.0' ],
564 silly audit   flatted: [ '3.4.2' ],
564 silly audit   keyv: [ '4.5.4' ],
564 silly audit   rimraf: [ '3.0.2' ],
564 silly audit   'type-fest': [ '0.20.2' ],
564 silly audit   'parent-module': [ '1.0.1' ],
564 silly audit   'resolve-from': [ '4.0.0' ],
564 silly audit   argparse: [ '2.0.1' ],
564 silly audit   'json-buffer': [ '3.0.1' ],
564 silly audit   'brace-expansion': [ '1.1.15', '5.0.6' ],
564 silly audit   'balanced-match': [ '1.0.2', '4.0.4' ],
564 silly audit   'concat-map': [ '0.0.1' ],
564 silly audit   '@next/env': [ '15.5.18' ],
564 silly audit   '@next/swc-darwin-arm64': [ '15.5.18' ],
564 silly audit   '@next/swc-darwin-x64': [ '15.5.18' ],
564 silly audit   '@next/swc-linux-arm64-gnu': [ '15.5.18' ],
564 silly audit   '@next/swc-linux-arm64-musl': [ '15.5.18' ],
564 silly audit   '@next/swc-linux-x64-gnu': [ '15.5.18' ],
564 silly audit   '@next/swc-linux-x64-musl': [ '15.5.18' ],
564 silly audit   '@next/swc-win32-arm64-msvc': [ '15.5.18' ],
564 silly audit   '@next/swc-win32-x64-msvc': [ '15.5.18' ],
564 silly audit   callsites: [ '3.1.0' ],
564 silly audit   glob: [ '7.2.3' ],
564 silly audit   'fs.realpath': [ '1.0.0' ],
564 silly audit   inflight: [ '1.0.6' ],
564 silly audit   inherits: [ '2.0.4' ],
564 silly audit   once: [ '1.4.0' ],
564 silly audit   'path-is-absolute': [ '1.0.1' ],
564 silly audit   wrappy: [ '1.0.2' ],
564 silly audit   'ansi-regex': [ '5.0.1' ],
564 silly audit   punycode: [ '2.3.1' ]
564 silly audit }
565 verbose reify failed optional dependency A:\portfolio\node_modules\@next\swc-win32-arm64-msvc
566 silly reify mark deleted [ 'A:\\portfolio\\node_modules\\@next\\swc-win32-arm64-msvc' ]
567 verbose reify failed optional dependency A:\portfolio\node_modules\@next\swc-linux-x64-musl
568 silly reify mark deleted [ 'A:\\portfolio\\node_modules\\@next\\swc-linux-x64-musl' ]
569 verbose reify failed optional dependency A:\portfolio\node_modules\@next\swc-linux-x64-gnu
570 silly reify mark deleted [ 'A:\\portfolio\\node_modules\\@next\\swc-linux-x64-gnu' ]
571 verbose reify failed optional dependency A:\portfolio\node_modules\@next\swc-linux-arm64-musl
572 silly reify mark deleted [ 'A:\\portfolio\\node_modules\\@next\\swc-linux-arm64-musl' ]
573 verbose reify failed optional dependency A:\portfolio\node_modules\@next\swc-linux-arm64-gnu
574 silly reify mark deleted [ 'A:\\portfolio\\node_modules\\@next\\swc-linux-arm64-gnu' ]
575 verbose reify failed optional dependency A:\portfolio\node_modules\@next\swc-darwin-x64
576 silly reify mark deleted [ 'A:\\portfolio\\node_modules\\@next\\swc-darwin-x64' ]
577 verbose reify failed optional dependency A:\portfolio\node_modules\@next\swc-darwin-arm64
578 silly reify mark deleted [ 'A:\\portfolio\\node_modules\\@next\\swc-darwin-arm64' ]
579 http cache espree@https://registry.npmjs.org/espree/-/espree-9.6.1.tgz 0ms (cache hit)
580 http cache eslint-config-next@https://registry.npmjs.org/eslint-config-next/-/eslint-config-next-15.5.18.tgz 0ms (cache hit)
581 http cache ansi-regex@https://registry.npmjs.org/ansi-regex/-/ansi-regex-5.0.1.tgz 0ms (cache hit)
582 http cache path-is-absolute@https://registry.npmjs.org/path-is-absolute/-/path-is-absolute-1.0.1.tgz 1ms (cache hit)
583 http cache once@https://registry.npmjs.org/once/-/once-1.4.0.tgz 0ms (cache hit)
584 http cache wrappy@https://registry.npmjs.org/wrappy/-/wrappy-1.0.2.tgz 0ms (cache hit)
585 http cache inherits@https://registry.npmjs.org/inherits/-/inherits-2.0.4.tgz 0ms (cache hit)
586 http cache inflight@https://registry.npmjs.org/inflight/-/inflight-1.0.6.tgz 0ms (cache hit)
587 http cache fs.realpath@https://registry.npmjs.org/fs.realpath/-/fs.realpath-1.0.0.tgz 0ms (cache hit)
588 http cache glob@https://registry.npmjs.org/glob/-/glob-7.2.3.tgz 0ms (cache hit)
589 http cache rimraf@https://registry.npmjs.org/rimraf/-/rimraf-3.0.2.tgz 0ms (cache hit)
590 http cache type-fest@https://registry.npmjs.org/type-fest/-/type-fest-0.20.2.tgz 0ms (cache hit)
591 http cache @humanwhocodes/object-schema@https://registry.npmjs.org/@humanwhocodes/object-schema/-/object-schema-2.0.3.tgz 0ms (cache hit)
592 http cache @rushstack/eslint-patch@https://registry.npmjs.org/@rushstack/eslint-patch/-/eslint-patch-1.16.1.tgz 0ms (cache hit)
593 http cache text-table@https://registry.npmjs.org/text-table/-/text-table-0.2.0.tgz 0ms (cache hit)
594 http cache strip-ansi@https://registry.npmjs.org/strip-ansi/-/strip-ansi-6.0.1.tgz 0ms (cache hit)
595 http cache is-path-inside@https://registry.npmjs.org/is-path-inside/-/is-path-inside-3.0.3.tgz 0ms (cache hit)
596 http cache graphemer@https://registry.npmjs.org/graphemer/-/graphemer-1.4.0.tgz 0ms (cache hit)
597 http cache @ungap/structured-clone@https://registry.npmjs.org/@ungap/structured-clone/-/structured-clone-1.3.1.tgz 0ms (cache hit)
598 http cache @humanwhocodes/config-array@https://registry.npmjs.org/@humanwhocodes/config-array/-/config-array-0.13.0.tgz 0ms (cache hit)
599 http cache next@https://registry.npmjs.org/next/-/next-15.5.18.tgz 0ms (cache hit)
600 http cache minimatch@https://registry.npmjs.org/minimatch/-/minimatch-3.1.5.tgz 0ms (cache hit)
601 http cache globals@https://registry.npmjs.org/globals/-/globals-13.24.0.tgz 1ms (cache hit)
602 http cache flat-cache@https://registry.npmjs.org/flat-cache/-/flat-cache-3.2.0.tgz 0ms (cache hit)
603 http cache file-entry-cache@https://registry.npmjs.org/file-entry-cache/-/file-entry-cache-6.0.1.tgz 0ms (cache hit)
604 http cache @eslint/eslintrc@https://registry.npmjs.org/@eslint/eslintrc/-/eslintrc-2.1.4.tgz 0ms (cache hit)
605 http cache eslint-scope@https://registry.npmjs.org/eslint-scope/-/eslint-scope-7.2.2.tgz 0ms (cache hit)
606 http cache eslint-plugin-react-hooks@https://registry.npmjs.org/eslint-plugin-react-hooks/-/eslint-plugin-react-hooks-5.2.0.tgz 0ms (cache hit)
607 http cache @next/eslint-plugin-next@https://registry.npmjs.org/@next/eslint-plugin-next/-/eslint-plugin-next-15.5.18.tgz 0ms (cache hit)
608 http cache @next/swc-win32-x64-msvc@https://registry.npmjs.org/@next/swc-win32-x64-msvc/-/swc-win32-x64-msvc-15.5.18.tgz 0ms (cache hit)
609 http cache brace-expansion@https://registry.npmjs.org/brace-expansion/-/brace-expansion-1.1.15.tgz 0ms (cache hit)
610 http cache @next/env@https://registry.npmjs.org/@next/env/-/env-15.5.18.tgz 0ms (cache hit)
611 http cache eslint@https://registry.npmjs.org/eslint/-/eslint-8.57.1.tgz 0ms (cache hit)
612 http cache balanced-match@https://registry.npmjs.org/balanced-match/-/balanced-match-1.0.2.tgz 0ms (cache hit)
613 http cache doctrine@https://registry.npmjs.org/doctrine/-/doctrine-3.0.0.tgz 0ms (cache hit)
614 http cache balanced-match@https://registry.npmjs.org/balanced-match/-/balanced-match-4.0.4.tgz 0ms (cache hit)
615 http cache brace-expansion@https://registry.npmjs.org/brace-expansion/-/brace-expansion-5.0.6.tgz 0ms (cache hit)
616 http cache minimatch@https://registry.npmjs.org/minimatch/-/minimatch-10.2.5.tgz 0ms (cache hit)
617 http cache @eslint/js@https://registry.npmjs.org/@eslint/js/-/js-8.57.1.tgz 0ms (cache hit)
618 http fetch POST 200 https://registry.npmjs.org/-/npm/v1/security/advisories/bulk 10141ms
619 silly audit report {
619 silly audit report   postcss: [
619 silly audit report     {
619 silly audit report       id: 1117015,
619 silly audit report       url: 'https://github.com/advisories/GHSA-qx2v-qp2m-jg93',
619 silly audit report       title: 'PostCSS has XSS via Unescaped </style> in its CSS Stringify Output',
619 silly audit report       severity: 'moderate',
619 silly audit report       vulnerable_versions: '<8.5.10',
619 silly audit report       cwe: [Array],
619 silly audit report       cvss: [Object]
619 silly audit report     }
619 silly audit report   ]
619 silly audit report }
620 silly packumentCache corgi:https://registry.npmjs.org/postcss cache-miss
621 warn deprecated inflight@1.0.6: This module is not supported, and leaks memory. Do not use it. Check out lru-cache if you want a good and tested way to coalesce async requests by a key value, which is much more comprehensive and powerful.
622 warn deprecated @humanwhocodes/config-array@0.13.0: Use @eslint/config-array instead
623 warn deprecated rimraf@3.0.2: Rimraf versions prior to v4 are no longer supported
624 warn deprecated glob@7.2.3: Old versions of glob are not supported, and contain widely publicized security vulnerabilities, which have been fixed in the current version. Please update. Support for old versions may be purchased (at exorbitant rates) by contacting i@izs.me
625 http fetch GET 200 https://registry.npmjs.org/postcss 2016ms (cache revalidated)
626 silly packumentCache corgi:https://registry.npmjs.org/postcss set size:344717 disposed:false
627 silly packumentCache corgi:https://registry.npmjs.org/next cache-miss
628 warn deprecated @humanwhocodes/object-schema@2.0.3: Use @eslint/object-schema instead
629 http fetch GET 200 https://registry.npmjs.org/next 1100ms (cache revalidated)
630 silly packumentCache corgi:https://registry.npmjs.org/next set size:25033982 disposed:false
631 warn deprecated eslint@8.57.1: This version is no longer supported. Please see https://eslint.org/version-support for other options.
632 silly ADD node_modules/ansi-regex
633 silly ADD node_modules/wrappy
634 silly ADD node_modules/path-is-absolute
635 silly ADD node_modules/once
636 silly ADD node_modules/inherits
637 silly ADD node_modules/inflight
638 silly ADD node_modules/fs.realpath
639 silly ADD node_modules/glob
640 silly ADD node_modules/type-fest
641 silly ADD node_modules/rimraf
642 silly ADD node_modules/@rushstack/eslint-patch
643 silly ADD node_modules/@humanwhocodes/object-schema
644 silly ADD node_modules/text-table
645 silly ADD node_modules/strip-ansi
646 silly ADD node_modules/is-path-inside
647 silly ADD node_modules/graphemer
648 silly ADD node_modules/@ungap/structured-clone
649 silly ADD node_modules/@humanwhocodes/config-array
650 silly REMOVE node_modules/zod-validation-error
651 silly REMOVE node_modules/yallist
652 silly REMOVE node_modules/typescript-eslint
653 silly CHANGE node_modules/next
654 silly CHANGE node_modules/minimatch
655 silly REMOVE node_modules/lru-cache
656 silly REMOVE node_modules/json5
657 silly REMOVE node_modules/jsesc
658 silly REMOVE node_modules/hermes-parser
659 silly REMOVE node_modules/hermes-estree
660 silly CHANGE node_modules/globals
661 silly REMOVE node_modules/gensync
662 silly CHANGE node_modules/flat-cache
663 silly CHANGE node_modules/file-entry-cache
664 silly CHANGE node_modules/espree
665 silly REMOVE node_modules/espree/node_modules/eslint-visitor-keys
666 silly CHANGE node_modules/eslint-scope
667 silly CHANGE node_modules/eslint-plugin-react-hooks
668 silly CHANGE node_modules/eslint-config-next
669 silly REMOVE node_modules/eslint-config-next/node_modules/minimatch
670 silly REMOVE node_modules/eslint-config-next/node_modules/brace-expansion
671 silly REMOVE node_modules/eslint-config-next/node_modules/balanced-match
672 silly CHANGE node_modules/eslint
673 silly ADD node_modules/eslint/node_modules/doctrine
674 silly REMOVE node_modules/eslint/node_modules/minimatch
675 silly REMOVE node_modules/eslint/node_modules/eslint-visitor-keys
676 silly REMOVE node_modules/eslint/node_modules/brace-expansion
677 silly REMOVE node_modules/eslint/node_modules/balanced-match
678 silly REMOVE node_modules/convert-source-map
679 silly CHANGE node_modules/brace-expansion
680 silly CHANGE node_modules/balanced-match
681 silly ADD node_modules/@typescript-eslint/typescript-estree/node_modules/balanced-match
682 silly ADD node_modules/@typescript-eslint/typescript-estree/node_modules/brace-expansion
683 silly ADD node_modules/@typescript-eslint/typescript-estree/node_modules/minimatch
684 silly REMOVE node_modules/@types/json-schema
685 silly REMOVE node_modules/@types/estree
686 silly CHANGE node_modules/@next/swc-win32-x64-msvc
687 silly CHANGE node_modules/@next/swc-win32-arm64-msvc
688 silly CHANGE node_modules/@next/swc-linux-x64-musl
689 silly CHANGE node_modules/@next/swc-linux-x64-gnu
690 silly CHANGE node_modules/@next/swc-linux-arm64-musl
691 silly CHANGE node_modules/@next/swc-linux-arm64-gnu
692 silly CHANGE node_modules/@next/swc-darwin-x64
693 silly CHANGE node_modules/@next/swc-darwin-arm64
694 silly CHANGE node_modules/@next/eslint-plugin-next
695 silly CHANGE node_modules/@next/env
696 silly REMOVE node_modules/@jridgewell/remapping
697 silly REMOVE node_modules/@humanwhocodes/retry
698 silly REMOVE node_modules/@humanfs/types
699 silly REMOVE node_modules/@humanfs/node
700 silly REMOVE node_modules/@humanfs/core
701 silly REMOVE node_modules/@eslint/plugin-kit
702 silly REMOVE node_modules/@eslint/object-schema
703 silly CHANGE node_modules/@eslint/js
704 silly CHANGE node_modules/@eslint/eslintrc
705 silly REMOVE node_modules/@eslint/eslintrc/node_modules/minimatch
706 silly REMOVE node_modules/@eslint/eslintrc/node_modules/globals
707 silly REMOVE node_modules/@eslint/eslintrc/node_modules/brace-expansion
708 silly REMOVE node_modules/@eslint/eslintrc/node_modules/balanced-match
709 silly REMOVE node_modules/@eslint/core
710 silly REMOVE node_modules/@eslint/config-helpers
711 silly REMOVE node_modules/@eslint/config-array
712 silly REMOVE node_modules/@eslint/config-array/node_modules/minimatch
713 silly REMOVE node_modules/@eslint/config-array/node_modules/brace-expansion
714 silly REMOVE node_modules/@eslint/config-array/node_modules/balanced-match
715 silly REMOVE node_modules/@babel/types
716 silly REMOVE node_modules/@babel/traverse
717 silly REMOVE node_modules/@babel/template
718 silly REMOVE node_modules/@babel/parser
719 silly REMOVE node_modules/@babel/helpers
720 silly REMOVE node_modules/@babel/helper-validator-option
721 silly REMOVE node_modules/@babel/helper-validator-identifier
722 silly REMOVE node_modules/@babel/helper-string-parser
723 silly REMOVE node_modules/@babel/helper-module-transforms
724 silly REMOVE node_modules/@babel/helper-module-imports
725 silly REMOVE node_modules/@babel/helper-globals
726 silly REMOVE node_modules/@babel/helper-compilation-targets
727 silly REMOVE node_modules/@babel/helper-compilation-targets/node_modules/semver
728 silly REMOVE node_modules/@babel/generator
729 silly REMOVE node_modules/@babel/core
730 silly REMOVE node_modules/@babel/core/node_modules/semver
731 silly REMOVE node_modules/@babel/compat-data
732 silly REMOVE node_modules/@babel/code-frame
733 verbose cwd A:\portfolio
734 verbose os Windows_NT 10.0.26200
735 verbose node v24.11.0
736 verbose npm  v11.6.1
737 verbose exit 0
738 info ok
